[0.014s] Invoking command in '/home/karthik/ros2_ws/build/my_cpp_pkg': CMAKE_PREFIX_PATH=${CMAKE_PREFIX_PATH}:/home/karthik/ros2_ws/install/my_py_pkg:/opt/ros/foxy /usr/bin/cmake --build /home/karthik/ros2_ws/build/my_cpp_pkg -- -j8 -l8
[0.107s] -- Found ament_cmake: 0.9.11 (/opt/ros/foxy/share/ament_cmake/cmake)
[0.167s] -- Using PYTHON_EXECUTABLE: /usr/bin/python3
[0.388s] -- Found rclcpp: 2.4.2 (/opt/ros/foxy/share/rclcpp/cmake)
[0.463s] -- Using all available rosidl_typesupport_c: rosidl_typesupport_fastrtps_c;rosidl_typesupport_introspection_c
[0.470s] -- Found rosidl_adapter: 1.3.0 (/opt/ros/foxy/share/rosidl_adapter/cmake)
[0.607s] -- Using all available rosidl_typesupport_cpp: rosidl_typesupport_fastrtps_cpp;rosidl_typesupport_introspection_cpp
[0.705s] -- Found rmw_implementation_cmake: 1.0.4 (/opt/ros/foxy/share/rmw_implementation_cmake/cmake)
[0.713s] -- Using RMW implementation 'rmw_fastrtps_cpp' as default
[1.067s] -- Found example_interfaces: 0.9.1 (/opt/ros/foxy/share/example_interfaces/cmake)
[1.201s] -- Found ament_lint_auto: 0.9.8 (/opt/ros/foxy/share/ament_lint_auto/cmake)
[1.274s] -- Added test 'copyright' to check source files copyright and LICENSE
[1.275s] -- Added test 'cppcheck' to perform static code analysis on C / C++ code
[1.276s] -- Configured cppcheck include dirs: 
[1.276s] -- Configured cppcheck exclude dirs and/or files: 
[1.277s] -- Added test 'cpplint' to check C / C++ code against the Google style
[1.277s] -- Configured cpplint exclude dirs and/or files: 
[1.278s] -- Added test 'lint_cmake' to check CMake code style
[1.279s] -- Added test 'uncrustify' to check C / C++ code style
[1.279s] -- Configured uncrustify additional arguments: 
[1.280s] -- Added test 'xmllint' to check XML markup files
[1.284s] -- Configuring done
[1.301s] -- Generating done
[1.304s] -- Build files have been written to: /home/karthik/ros2_ws/build/my_cpp_pkg
[1.325s] [35m[1mScanning dependencies of target robot_news_station[0m
[1.342s] [ 50%] Built target cpp_node
[1.357s] [ 75%] [32mBuilding CXX object CMakeFiles/robot_news_station.dir/src/robot_news_station.cpp.o[0m
[4.081s] [100%] [32m[1mLinking CXX executable robot_news_station[0m
[4.474s] [100%] Built target robot_news_station
[4.483s] Invoked command in '/home/karthik/ros2_ws/build/my_cpp_pkg' returned '0': CMAKE_PREFIX_PATH=${CMAKE_PREFIX_PATH}:/home/karthik/ros2_ws/install/my_py_pkg:/opt/ros/foxy /usr/bin/cmake --build /home/karthik/ros2_ws/build/my_cpp_pkg -- -j8 -l8
[4.514s] Invoking command in '/home/karthik/ros2_ws/build/my_cpp_pkg': CMAKE_PREFIX_PATH=${CMAKE_PREFIX_PATH}:/home/karthik/ros2_ws/install/my_py_pkg:/opt/ros/foxy /usr/bin/cmake --install /home/karthik/ros2_ws/build/my_cpp_pkg
[4.523s] -- Install configuration: ""
[4.523s] -- Up-to-date: /home/karthik/ros2_ws/install/my_cpp_pkg/lib/my_cpp_pkg/cpp_node
[4.523s] -- Installing: /home/karthik/ros2_ws/install/my_cpp_pkg/lib/my_cpp_pkg/robot_news_station
[4.524s] -- Set runtime path of "/home/karthik/ros2_ws/install/my_cpp_pkg/lib/my_cpp_pkg/robot_news_station" to ""
[4.524s] -- Installing: /home/karthik/ros2_ws/install/my_cpp_pkg/share/ament_index/resource_index/package_run_dependencies/my_cpp_pkg
[4.524s] -- Up-to-date: /home/karthik/ros2_ws/install/my_cpp_pkg/share/ament_index/resource_index/parent_prefix_path/my_cpp_pkg
[4.524s] -- Up-to-date: /home/karthik/ros2_ws/install/my_cpp_pkg/share/my_cpp_pkg/environment/ament_prefix_path.sh
[4.524s] -- Installing: /home/karthik/ros2_ws/install/my_cpp_pkg/share/my_cpp_pkg/environment/ament_prefix_path.dsv
[4.525s] -- Up-to-date: /home/karthik/ros2_ws/install/my_cpp_pkg/share/my_cpp_pkg/environment/path.sh
[4.525s] -- Installing: /home/karthik/ros2_ws/install/my_cpp_pkg/share/my_cpp_pkg/environment/path.dsv
[4.525s] -- Up-to-date: /home/karthik/ros2_ws/install/my_cpp_pkg/share/my_cpp_pkg/local_setup.bash
[4.525s] -- Up-to-date: /home/karthik/ros2_ws/install/my_cpp_pkg/share/my_cpp_pkg/local_setup.sh
[4.525s] -- Up-to-date: /home/karthik/ros2_ws/install/my_cpp_pkg/share/my_cpp_pkg/local_setup.zsh
[4.525s] -- Installing: /home/karthik/ros2_ws/install/my_cpp_pkg/share/my_cpp_pkg/local_setup.dsv
[4.525s] -- Installing: /home/karthik/ros2_ws/install/my_cpp_pkg/share/my_cpp_pkg/package.dsv
[4.555s] -- Up-to-date: /home/karthik/ros2_ws/install/my_cpp_pkg/share/ament_index/resource_index/packages/my_cpp_pkg
[4.556s] -- Up-to-date: /home/karthik/ros2_ws/install/my_cpp_pkg/share/my_cpp_pkg/cmake/my_cpp_pkgConfig.cmake
[4.556s] -- Up-to-date: /home/karthik/ros2_ws/install/my_cpp_pkg/share/my_cpp_pkg/cmake/my_cpp_pkgConfig-version.cmake
[4.556s] -- Installing: /home/karthik/ros2_ws/install/my_cpp_pkg/share/my_cpp_pkg/package.xml
[4.558s] Invoked command in '/home/karthik/ros2_ws/build/my_cpp_pkg' returned '0': CMAKE_PREFIX_PATH=${CMAKE_PREFIX_PATH}:/home/karthik/ros2_ws/install/my_py_pkg:/opt/ros/foxy /usr/bin/cmake --install /home/karthik/ros2_ws/build/my_cpp_pkg
