[0.056s] Invoking command in '/home/karthik/ros2_ws/build/my_cpp_pkg': CMAKE_PREFIX_PATH=${CMAKE_PREFIX_PATH}:/home/karthik/ros2_ws/install/my_py_pkg:/opt/ros/foxy /usr/bin/cmake --build /home/karthik/ros2_ws/build/my_cpp_pkg -- -j8 -l8
[0.467s] -- Found ament_cmake: 0.9.11 (/opt/ros/foxy/share/ament_cmake/cmake)
[0.555s] -- Using PYTHON_EXECUTABLE: /usr/bin/python3
[0.742s] -- Found rclcpp: 2.4.2 (/opt/ros/foxy/share/rclcpp/cmake)
[0.793s] -- Using all available rosidl_typesupport_c: rosidl_typesupport_fastrtps_c;rosidl_typesupport_introspection_c
[0.798s] -- Found rosidl_adapter: 1.3.0 (/opt/ros/foxy/share/rosidl_adapter/cmake)
[0.984s] -- Using all available rosidl_typesupport_cpp: rosidl_typesupport_fastrtps_cpp;rosidl_typesupport_introspection_cpp
[1.045s] -- Found rmw_implementation_cmake: 1.0.4 (/opt/ros/foxy/share/rmw_implementation_cmake/cmake)
[1.047s] -- Using RMW implementation 'rmw_fastrtps_cpp' as default
[1.277s] -- Found example_interfaces: 0.9.1 (/opt/ros/foxy/share/example_interfaces/cmake)
[1.390s] -- Found ament_lint_auto: 0.9.8 (/opt/ros/foxy/share/ament_lint_auto/cmake)
[1.486s] -- Added test 'copyright' to check source files copyright and LICENSE
[1.490s] -- Added test 'cppcheck' to perform static code analysis on C / C++ code
[1.491s] -- Configured cppcheck include dirs: 
[1.491s] -- Configured cppcheck exclude dirs and/or files: 
[1.496s] -- Added test 'cpplint' to check C / C++ code against the Google style
[1.496s] -- Configured cpplint exclude dirs and/or files: 
[1.499s] -- Added test 'lint_cmake' to check CMake code style
[1.503s] -- Added test 'uncrustify' to check C / C++ code style
[1.504s] -- Configured uncrustify additional arguments: 
[1.505s] -- Added test 'xmllint' to check XML markup files
[1.559s] -- Configuring done
[1.735s] -- Generating done
[1.739s] -- Build files have been written to: /home/karthik/ros2_ws/build/my_cpp_pkg
[1.764s] [35m[1mScanning dependencies of target add_two_ints_server[0m
[1.764s] [35m[1mScanning dependencies of target add_two_ints_client[0m
[1.764s] [35m[1mScanning dependencies of target add_two_ints_client_no_oop[0m
[1.843s] [ 16%] Built target smartphone
[1.846s] [ 33%] Built target cpp_node
[1.847s] [ 50%] Built target robot_news_station
[1.852s] [ 58%] [32mBuilding CXX object CMakeFiles/add_two_ints_client.dir/src/add_two_ints_client.cpp.o[0m
[1.857s] [ 75%] [32mBuilding CXX object CMakeFiles/add_two_ints_client_no_oop.dir/src/add_two_ints_client_no_oop.cpp.o[0m
[1.857s] [ 75%] [32mBuilding CXX object CMakeFiles/add_two_ints_server.dir/src/add_two_ints_server.cpp.o[0m
[3.851s] [ 83%] [32m[1mLinking CXX executable add_two_ints_server[0m
[3.942s] [ 91%] [32m[1mLinking CXX executable add_two_ints_client_no_oop[0m
[4.060s] [ 91%] Built target add_two_ints_server
[4.100s] [ 91%] Built target add_two_ints_client_no_oop
[4.135s] [100%] [32m[1mLinking CXX executable add_two_ints_client[0m
[4.308s] [100%] Built target add_two_ints_client
[4.319s] Invoked command in '/home/karthik/ros2_ws/build/my_cpp_pkg' returned '0': CMAKE_PREFIX_PATH=${CMAKE_PREFIX_PATH}:/home/karthik/ros2_ws/install/my_py_pkg:/opt/ros/foxy /usr/bin/cmake --build /home/karthik/ros2_ws/build/my_cpp_pkg -- -j8 -l8
[4.362s] Invoking command in '/home/karthik/ros2_ws/build/my_cpp_pkg': CMAKE_PREFIX_PATH=${CMAKE_PREFIX_PATH}:/home/karthik/ros2_ws/install/my_py_pkg:/opt/ros/foxy /usr/bin/cmake --install /home/karthik/ros2_ws/build/my_cpp_pkg
[4.370s] -- Install configuration: ""
[4.372s] -- Up-to-date: /home/karthik/ros2_ws/install/my_cpp_pkg/lib/my_cpp_pkg/cpp_node
[4.482s] -- Up-to-date: /home/karthik/ros2_ws/install/my_cpp_pkg/lib/my_cpp_pkg/robot_news_station
[4.518s] -- Up-to-date: /home/karthik/ros2_ws/install/my_cpp_pkg/lib/my_cpp_pkg/smartphone
[4.520s] -- Installing: /home/karthik/ros2_ws/install/my_cpp_pkg/lib/my_cpp_pkg/add_two_ints_server
[4.523s] -- Set runtime path of "/home/karthik/ros2_ws/install/my_cpp_pkg/lib/my_cpp_pkg/add_two_ints_server" to ""
[4.523s] -- Installing: /home/karthik/ros2_ws/install/my_cpp_pkg/lib/my_cpp_pkg/add_two_ints_client
[4.526s] -- Set runtime path of "/home/karthik/ros2_ws/install/my_cpp_pkg/lib/my_cpp_pkg/add_two_ints_client" to ""
[4.527s] -- Installing: /home/karthik/ros2_ws/install/my_cpp_pkg/lib/my_cpp_pkg/add_two_ints_client_no_oop
[4.530s] -- Set runtime path of "/home/karthik/ros2_ws/install/my_cpp_pkg/lib/my_cpp_pkg/add_two_ints_client_no_oop" to ""
[4.531s] -- Up-to-date: /home/karthik/ros2_ws/install/my_cpp_pkg/share/ament_index/resource_index/package_run_dependencies/my_cpp_pkg
[4.532s] -- Up-to-date: /home/karthik/ros2_ws/install/my_cpp_pkg/share/ament_index/resource_index/parent_prefix_path/my_cpp_pkg
[4.533s] -- Up-to-date: /home/karthik/ros2_ws/install/my_cpp_pkg/share/my_cpp_pkg/environment/ament_prefix_path.sh
[4.533s] -- Installing: /home/karthik/ros2_ws/install/my_cpp_pkg/share/my_cpp_pkg/environment/ament_prefix_path.dsv
[4.534s] -- Up-to-date: /home/karthik/ros2_ws/install/my_cpp_pkg/share/my_cpp_pkg/environment/path.sh
[4.534s] -- Installing: /home/karthik/ros2_ws/install/my_cpp_pkg/share/my_cpp_pkg/environment/path.dsv
[4.535s] -- Up-to-date: /home/karthik/ros2_ws/install/my_cpp_pkg/share/my_cpp_pkg/local_setup.bash
[4.536s] -- Up-to-date: /home/karthik/ros2_ws/install/my_cpp_pkg/share/my_cpp_pkg/local_setup.sh
[4.536s] -- Up-to-date: /home/karthik/ros2_ws/install/my_cpp_pkg/share/my_cpp_pkg/local_setup.zsh
[4.537s] -- Installing: /home/karthik/ros2_ws/install/my_cpp_pkg/share/my_cpp_pkg/local_setup.dsv
[4.537s] -- Installing: /home/karthik/ros2_ws/install/my_cpp_pkg/share/my_cpp_pkg/package.dsv
[4.575s] -- Up-to-date: /home/karthik/ros2_ws/install/my_cpp_pkg/share/ament_index/resource_index/packages/my_cpp_pkg
[4.576s] -- Up-to-date: /home/karthik/ros2_ws/install/my_cpp_pkg/share/my_cpp_pkg/cmake/my_cpp_pkgConfig.cmake
[4.576s] -- Up-to-date: /home/karthik/ros2_ws/install/my_cpp_pkg/share/my_cpp_pkg/cmake/my_cpp_pkgConfig-version.cmake
[4.576s] -- Up-to-date: /home/karthik/ros2_ws/install/my_cpp_pkg/share/my_cpp_pkg/package.xml
[4.583s] Invoked command in '/home/karthik/ros2_ws/build/my_cpp_pkg' returned '0': CMAKE_PREFIX_PATH=${CMAKE_PREFIX_PATH}:/home/karthik/ros2_ws/install/my_py_pkg:/opt/ros/foxy /usr/bin/cmake --install /home/karthik/ros2_ws/build/my_cpp_pkg
