[0.527s] Invoking command in '/home/karthik/ros2_ws/build/my_py_pkg': PYTHONPATH=/home/karthik/ros2_ws/build/my_py_pkg/prefix_override:/home/karthik/ros2_ws/install/my_py_pkg/lib/python3.8/site-packages:${PYTHONPATH} /usr/bin/python3 setup.py develop --uninstall --editable --build-directory /home/karthik/ros2_ws/build/my_py_pkg/build
[0.723s] running develop
[0.851s] Invoked command in '/home/karthik/ros2_ws/build/my_py_pkg' returned '0': PYTHONPATH=/home/karthik/ros2_ws/build/my_py_pkg/prefix_override:/home/karthik/ros2_ws/install/my_py_pkg/lib/python3.8/site-packages:${PYTHONPATH} /usr/bin/python3 setup.py develop --uninstall --editable --build-directory /home/karthik/ros2_ws/build/my_py_pkg/build
[0.853s] Invoking command in '/home/karthik/ros2_ws/src/my_py_pkg': PYTHONPATH=/home/karthik/ros2_ws/build/my_py_pkg/prefix_override:/home/karthik/ros2_ws/install/my_py_pkg/lib/python3.8/site-packages:${PYTHONPATH} /usr/bin/python3 setup.py egg_info --egg-base ../../build/my_py_pkg build --build-base /home/karthik/ros2_ws/build/my_py_pkg/build install --record /home/karthik/ros2_ws/build/my_py_pkg/install.log --install-scripts $base/lib/my_py_pkg --single-version-externally-managed
[1.025s] running egg_info
[1.026s] writing ../../build/my_py_pkg/my_py_pkg.egg-info/PKG-INFO
[1.026s] writing dependency_links to ../../build/my_py_pkg/my_py_pkg.egg-info/dependency_links.txt
[1.026s] writing entry points to ../../build/my_py_pkg/my_py_pkg.egg-info/entry_points.txt
[1.027s] writing requirements to ../../build/my_py_pkg/my_py_pkg.egg-info/requires.txt
[1.027s] writing top-level names to ../../build/my_py_pkg/my_py_pkg.egg-info/top_level.txt
[1.055s] reading manifest file '../../build/my_py_pkg/my_py_pkg.egg-info/SOURCES.txt'
[1.056s] writing manifest file '../../build/my_py_pkg/my_py_pkg.egg-info/SOURCES.txt'
[1.056s] running build
[1.056s] running build_py
[1.056s] running install
[1.057s] running install_lib
[1.058s] running install_data
[1.058s] running install_egg_info
[1.060s] removing '/home/karthik/ros2_ws/install/my_py_pkg/lib/python3.8/site-packages/my_py_pkg-0.0.0-py3.8.egg-info' (and everything under it)
[1.060s] Copying ../../build/my_py_pkg/my_py_pkg.egg-info to /home/karthik/ros2_ws/install/my_py_pkg/lib/python3.8/site-packages/my_py_pkg-0.0.0-py3.8.egg-info
[1.061s] running install_scripts
[1.074s] Installing add_two_ints_server script to /home/karthik/ros2_ws/install/my_py_pkg/lib/my_py_pkg
[1.074s] Installing py_node script to /home/karthik/ros2_ws/install/my_py_pkg/lib/my_py_pkg
[1.074s] Installing robot_news_station script to /home/karthik/ros2_ws/install/my_py_pkg/lib/my_py_pkg
[1.074s] Installing smartphone script to /home/karthik/ros2_ws/install/my_py_pkg/lib/my_py_pkg
[1.075s] writing list of installed files to '/home/karthik/ros2_ws/build/my_py_pkg/install.log'
[1.091s] Invoked command in '/home/karthik/ros2_ws/src/my_py_pkg' returned '0': PYTHONPATH=/home/karthik/ros2_ws/build/my_py_pkg/prefix_override:/home/karthik/ros2_ws/install/my_py_pkg/lib/python3.8/site-packages:${PYTHONPATH} /usr/bin/python3 setup.py egg_info --egg-base ../../build/my_py_pkg build --build-base /home/karthik/ros2_ws/build/my_py_pkg/build install --record /home/karthik/ros2_ws/build/my_py_pkg/install.log --install-scripts $base/lib/my_py_pkg --single-version-externally-managed
