[1.664s] Invoking command in '/home/karthik/ros2_ws/my_py_pkg': PYTHONPATH=/home/karthik/ros2_ws/build/my_py_pkg/prefix_override:/home/karthik/ros2_ws/install/my_py_pkg/lib/python3.8/site-packages:${PYTHONPATH} /usr/bin/python3 setup.py egg_info --egg-base ../build/my_py_pkg build --build-base /home/karthik/ros2_ws/build/my_py_pkg/build install --record /home/karthik/ros2_ws/build/my_py_pkg/install.log --install-scripts $base/lib/my_py_pkg --single-version-externally-managed
[1.840s] running egg_info
[1.840s] creating ../build/my_py_pkg/my_py_pkg.egg-info
[1.840s] writing ../build/my_py_pkg/my_py_pkg.egg-info/PKG-INFO
[1.840s] writing dependency_links to ../build/my_py_pkg/my_py_pkg.egg-info/dependency_links.txt
[1.840s] writing entry points to ../build/my_py_pkg/my_py_pkg.egg-info/entry_points.txt
[1.841s] writing requirements to ../build/my_py_pkg/my_py_pkg.egg-info/requires.txt
[1.841s] writing top-level names to ../build/my_py_pkg/my_py_pkg.egg-info/top_level.txt
[1.881s] writing manifest file '../build/my_py_pkg/my_py_pkg.egg-info/SOURCES.txt'
[1.933s] reading manifest file '../build/my_py_pkg/my_py_pkg.egg-info/SOURCES.txt'
[1.933s] writing manifest file '../build/my_py_pkg/my_py_pkg.egg-info/SOURCES.txt'
[1.933s] running build
[1.934s] running build_py
[1.934s] creating /home/karthik/ros2_ws/build/my_py_pkg/build
[1.934s] creating /home/karthik/ros2_ws/build/my_py_pkg/build/lib
[1.934s] creating /home/karthik/ros2_ws/build/my_py_pkg/build/lib/my_py_pkg
[1.934s] copying my_py_pkg/__init__.py -> /home/karthik/ros2_ws/build/my_py_pkg/build/lib/my_py_pkg
[1.934s] running install
[1.935s] running install_lib
[1.936s] creating /home/karthik/ros2_ws/install/my_py_pkg/lib/python3.8/site-packages/my_py_pkg
[1.936s] copying /home/karthik/ros2_ws/build/my_py_pkg/build/lib/my_py_pkg/__init__.py -> /home/karthik/ros2_ws/install/my_py_pkg/lib/python3.8/site-packages/my_py_pkg
[1.936s] byte-compiling /home/karthik/ros2_ws/install/my_py_pkg/lib/python3.8/site-packages/my_py_pkg/__init__.py to __init__.cpython-38.pyc
[1.937s] running install_data
[1.938s] creating /home/karthik/ros2_ws/install/my_py_pkg/share/ament_index
[1.938s] creating /home/karthik/ros2_ws/install/my_py_pkg/share/ament_index/resource_index
[1.938s] creating /home/karthik/ros2_ws/install/my_py_pkg/share/ament_index/resource_index/packages
[1.938s] copying resource/my_py_pkg -> /home/karthik/ros2_ws/install/my_py_pkg/share/ament_index/resource_index/packages
[1.939s] copying package.xml -> /home/karthik/ros2_ws/install/my_py_pkg/share/my_py_pkg
[1.939s] running install_egg_info
[1.940s] Copying ../build/my_py_pkg/my_py_pkg.egg-info to /home/karthik/ros2_ws/install/my_py_pkg/lib/python3.8/site-packages/my_py_pkg-0.0.0-py3.8.egg-info
[1.940s] running install_scripts
[1.954s] writing list of installed files to '/home/karthik/ros2_ws/build/my_py_pkg/install.log'
[1.970s] Invoked command in '/home/karthik/ros2_ws/my_py_pkg' returned '0': PYTHONPATH=/home/karthik/ros2_ws/build/my_py_pkg/prefix_override:/home/karthik/ros2_ws/install/my_py_pkg/lib/python3.8/site-packages:${PYTHONPATH} /usr/bin/python3 setup.py egg_info --egg-base ../build/my_py_pkg build --build-base /home/karthik/ros2_ws/build/my_py_pkg/build install --record /home/karthik/ros2_ws/build/my_py_pkg/install.log --install-scripts $base/lib/my_py_pkg --single-version-externally-managed
