[0.060s] Invoking command in '/home/karthik/ros2_ws/build/my_cpp_pkg': CMAKE_PREFIX_PATH=${CMAKE_PREFIX_PATH}:/home/karthik/ros2_ws/install/my_py_pkg:/opt/ros/foxy /usr/bin/cmake --build /home/karthik/ros2_ws/build/my_cpp_pkg -- -j8 -l8
[0.124s] -- Found ament_cmake: 0.9.11 (/opt/ros/foxy/share/ament_cmake/cmake)
[0.154s] -- Using PYTHON_EXECUTABLE: /usr/bin/python3
[0.351s] -- Found rclcpp: 2.4.2 (/opt/ros/foxy/share/rclcpp/cmake)
[0.399s] -- Using all available rosidl_typesupport_c: rosidl_typesupport_fastrtps_c;rosidl_typesupport_introspection_c
[0.402s] -- Found rosidl_adapter: 1.3.0 (/opt/ros/foxy/share/rosidl_adapter/cmake)
[0.523s] -- Using all available rosidl_typesupport_cpp: rosidl_typesupport_fastrtps_cpp;rosidl_typesupport_introspection_cpp
[0.582s] -- Found rmw_implementation_cmake: 1.0.4 (/opt/ros/foxy/share/rmw_implementation_cmake/cmake)
[0.585s] -- Using RMW implementation 'rmw_fastrtps_cpp' as default
[0.814s] -- Found example_interfaces: 0.9.1 (/opt/ros/foxy/share/example_interfaces/cmake)
[0.926s] -- Found my_robot_interfaces: 0.0.0 (/home/karthik/ros2_ws/install/my_robot_interfaces/share/my_robot_interfaces/cmake)
[0.938s] -- Found ament_lint_auto: 0.9.8 (/opt/ros/foxy/share/ament_lint_auto/cmake)
[1.002s] -- Added test 'copyright' to check source files copyright and LICENSE
[1.003s] -- Added test 'cppcheck' to perform static code analysis on C / C++ code
[1.004s] -- Configured cppcheck include dirs: 
[1.004s] -- Configured cppcheck exclude dirs and/or files: 
[1.005s] -- Added test 'cpplint' to check C / C++ code against the Google style
[1.005s] -- Configured cpplint exclude dirs and/or files: 
[1.006s] -- Added test 'lint_cmake' to check CMake code style
[1.007s] -- Added test 'uncrustify' to check C / C++ code style
[1.007s] -- Configured uncrustify additional arguments: 
[1.007s] -- Added test 'xmllint' to check XML markup files
[1.011s] -- Configuring done
[1.046s] -- Generating done
[1.051s] -- Build files have been written to: /home/karthik/ros2_ws/build/my_cpp_pkg
[1.169s] [35m[1mScanning dependencies of target hardware_status_publisher[0m
[1.196s] [ 14%] Built target robot_news_station
[1.199s] [ 28%] Built target add_two_ints_client
[1.199s] [ 42%] Built target cpp_node
[1.201s] [ 57%] Built target smartphone
[1.209s] [ 71%] Built target add_two_ints_server
[1.211s] [ 85%] Built target add_two_ints_client_no_oop
[1.227s] [ 92%] [32mBuilding CXX object CMakeFiles/hardware_status_publisher.dir/src/hw_status_publisher.cpp.o[0m
[3.641s] [100%] [32m[1mLinking CXX executable hardware_status_publisher[0m
[3.806s] [100%] Built target hardware_status_publisher
[3.815s] Invoked command in '/home/karthik/ros2_ws/build/my_cpp_pkg' returned '0': CMAKE_PREFIX_PATH=${CMAKE_PREFIX_PATH}:/home/karthik/ros2_ws/install/my_py_pkg:/opt/ros/foxy /usr/bin/cmake --build /home/karthik/ros2_ws/build/my_cpp_pkg -- -j8 -l8
[3.849s] Invoking command in '/home/karthik/ros2_ws/build/my_cpp_pkg': CMAKE_PREFIX_PATH=${CMAKE_PREFIX_PATH}:/home/karthik/ros2_ws/install/my_py_pkg:/opt/ros/foxy /usr/bin/cmake --install /home/karthik/ros2_ws/build/my_cpp_pkg
[3.856s] -- Install configuration: ""
[3.858s] -- Up-to-date: /home/karthik/ros2_ws/install/my_cpp_pkg/lib/my_cpp_pkg/cpp_node
[3.892s] -- Up-to-date: /home/karthik/ros2_ws/install/my_cpp_pkg/lib/my_cpp_pkg/robot_news_station
[3.893s] -- Up-to-date: /home/karthik/ros2_ws/install/my_cpp_pkg/lib/my_cpp_pkg/smartphone
[3.914s] -- Up-to-date: /home/karthik/ros2_ws/install/my_cpp_pkg/lib/my_cpp_pkg/add_two_ints_server
[3.921s] -- Up-to-date: /home/karthik/ros2_ws/install/my_cpp_pkg/lib/my_cpp_pkg/add_two_ints_client
[3.938s] -- Up-to-date: /home/karthik/ros2_ws/install/my_cpp_pkg/lib/my_cpp_pkg/add_two_ints_client_no_oop
[3.938s] -- Installing: /home/karthik/ros2_ws/install/my_cpp_pkg/share/ament_index/resource_index/package_run_dependencies/my_cpp_pkg
[3.939s] -- Installing: /home/karthik/ros2_ws/install/my_cpp_pkg/share/ament_index/resource_index/parent_prefix_path/my_cpp_pkg
[3.939s] -- Up-to-date: /home/karthik/ros2_ws/install/my_cpp_pkg/share/my_cpp_pkg/environment/ament_prefix_path.sh
[3.939s] -- Installing: /home/karthik/ros2_ws/install/my_cpp_pkg/share/my_cpp_pkg/environment/ament_prefix_path.dsv
[3.939s] -- Up-to-date: /home/karthik/ros2_ws/install/my_cpp_pkg/share/my_cpp_pkg/environment/path.sh
[3.939s] -- Installing: /home/karthik/ros2_ws/install/my_cpp_pkg/share/my_cpp_pkg/environment/path.dsv
[3.939s] -- Up-to-date: /home/karthik/ros2_ws/install/my_cpp_pkg/share/my_cpp_pkg/local_setup.bash
[3.939s] -- Up-to-date: /home/karthik/ros2_ws/install/my_cpp_pkg/share/my_cpp_pkg/local_setup.sh
[3.940s] -- Up-to-date: /home/karthik/ros2_ws/install/my_cpp_pkg/share/my_cpp_pkg/local_setup.zsh
[3.940s] -- Installing: /home/karthik/ros2_ws/install/my_cpp_pkg/share/my_cpp_pkg/local_setup.dsv
[3.940s] -- Installing: /home/karthik/ros2_ws/install/my_cpp_pkg/share/my_cpp_pkg/package.dsv
[3.940s] -- Up-to-date: /home/karthik/ros2_ws/install/my_cpp_pkg/share/ament_index/resource_index/packages/my_cpp_pkg
[3.940s] -- Up-to-date: /home/karthik/ros2_ws/install/my_cpp_pkg/share/my_cpp_pkg/cmake/my_cpp_pkgConfig.cmake
[3.940s] -- Up-to-date: /home/karthik/ros2_ws/install/my_cpp_pkg/share/my_cpp_pkg/cmake/my_cpp_pkgConfig-version.cmake
[3.940s] -- Installing: /home/karthik/ros2_ws/install/my_cpp_pkg/share/my_cpp_pkg/package.xml
[3.948s] Invoked command in '/home/karthik/ros2_ws/build/my_cpp_pkg' returned '0': CMAKE_PREFIX_PATH=${CMAKE_PREFIX_PATH}:/home/karthik/ros2_ws/install/my_py_pkg:/opt/ros/foxy /usr/bin/cmake --install /home/karthik/ros2_ws/build/my_cpp_pkg
