[0.016s] Invoking command in '/home/karthik/ros2_ws/build/my_cpp_pkg': CMAKE_PREFIX_PATH=${CMAKE_PREFIX_PATH}:/home/karthik/ros2_ws/install/my_py_pkg:/opt/ros/foxy PYTHONPATH=/home/karthik/ros2_ws/install/my_robot_interfaces/lib/python3.8/site-packages:/home/karthik/ros2_ws/build/my_py_pkg:/home/karthik/ros2_ws/install/my_py_pkg/lib/python3.8/site-packages:/opt/ros/foxy/lib/python3.8/site-packages /usr/bin/cmake --build /home/karthik/ros2_ws/build/my_cpp_pkg -- -j8 -l8
[0.039s] -- Found ament_cmake: 0.9.11 (/opt/ros/foxy/share/ament_cmake/cmake)
[0.062s] -- Using PYTHON_EXECUTABLE: /usr/bin/python3
[0.227s] -- Found rclcpp: 2.4.2 (/opt/ros/foxy/share/rclcpp/cmake)
[0.257s] -- Using all available rosidl_typesupport_c: rosidl_typesupport_fastrtps_c;rosidl_typesupport_introspection_c
[0.260s] -- Found rosidl_adapter: 1.3.0 (/opt/ros/foxy/share/rosidl_adapter/cmake)
[0.364s] -- Using all available rosidl_typesupport_cpp: rosidl_typesupport_fastrtps_cpp;rosidl_typesupport_introspection_cpp
[0.407s] -- Found rmw_implementation_cmake: 1.0.4 (/opt/ros/foxy/share/rmw_implementation_cmake/cmake)
[0.408s] -- Using RMW implementation 'rmw_fastrtps_cpp' as default
[0.537s] -- Found example_interfaces: 0.9.1 (/opt/ros/foxy/share/example_interfaces/cmake)
[0.631s] -- Found my_robot_interfaces: 0.0.0 (/home/karthik/ros2_ws/install/my_robot_interfaces/share/my_robot_interfaces/cmake)
[0.642s] -- Found ament_lint_auto: 0.9.8 (/opt/ros/foxy/share/ament_lint_auto/cmake)
[0.697s] -- Added test 'copyright' to check source files copyright and LICENSE
[0.697s] -- Added test 'cppcheck' to perform static code analysis on C / C++ code
[0.698s] -- Configured cppcheck include dirs: 
[0.698s] -- Configured cppcheck exclude dirs and/or files: 
[0.699s] -- Added test 'cpplint' to check C / C++ code against the Google style
[0.699s] -- Configured cpplint exclude dirs and/or files: 
[0.699s] -- Added test 'lint_cmake' to check CMake code style
[0.700s] -- Added test 'uncrustify' to check C / C++ code style
[0.700s] -- Configured uncrustify additional arguments: 
[0.700s] -- Added test 'xmllint' to check XML markup files
[0.703s] -- Configuring done
[0.728s] -- Generating done
[0.739s] -- Build files have been written to: /home/karthik/ros2_ws/build/my_cpp_pkg
[0.786s] [ 14%] Built target cpp_node
[0.790s] [ 28%] Built target add_two_ints_server
[0.791s] [ 42%] Built target hardware_status_publisher
[0.792s] [ 71%] Built target add_two_ints_client_no_oop
[0.792s] [ 71%] Built target robot_news_station
[0.792s] [ 85%] Built target smartphone
[0.793s] [100%] Built target add_two_ints_client
[0.803s] Invoked command in '/home/karthik/ros2_ws/build/my_cpp_pkg' returned '0': CMAKE_PREFIX_PATH=${CMAKE_PREFIX_PATH}:/home/karthik/ros2_ws/install/my_py_pkg:/opt/ros/foxy PYTHONPATH=/home/karthik/ros2_ws/install/my_robot_interfaces/lib/python3.8/site-packages:/home/karthik/ros2_ws/build/my_py_pkg:/home/karthik/ros2_ws/install/my_py_pkg/lib/python3.8/site-packages:/opt/ros/foxy/lib/python3.8/site-packages /usr/bin/cmake --build /home/karthik/ros2_ws/build/my_cpp_pkg -- -j8 -l8
[0.848s] Invoking command in '/home/karthik/ros2_ws/build/my_cpp_pkg': CMAKE_PREFIX_PATH=${CMAKE_PREFIX_PATH}:/home/karthik/ros2_ws/install/my_py_pkg:/opt/ros/foxy PYTHONPATH=/home/karthik/ros2_ws/install/my_robot_interfaces/lib/python3.8/site-packages:/home/karthik/ros2_ws/build/my_py_pkg:/home/karthik/ros2_ws/install/my_py_pkg/lib/python3.8/site-packages:/opt/ros/foxy/lib/python3.8/site-packages /usr/bin/cmake --install /home/karthik/ros2_ws/build/my_cpp_pkg
[0.857s] -- Install configuration: ""
[0.857s] -- Up-to-date: /home/karthik/ros2_ws/install/my_cpp_pkg/lib/my_cpp_pkg/cpp_node
[0.857s] -- Up-to-date: /home/karthik/ros2_ws/install/my_cpp_pkg/lib/my_cpp_pkg/robot_news_station
[0.858s] -- Up-to-date: /home/karthik/ros2_ws/install/my_cpp_pkg/lib/my_cpp_pkg/smartphone
[0.858s] -- Up-to-date: /home/karthik/ros2_ws/install/my_cpp_pkg/lib/my_cpp_pkg/add_two_ints_server
[0.858s] -- Up-to-date: /home/karthik/ros2_ws/install/my_cpp_pkg/lib/my_cpp_pkg/add_two_ints_client
[0.859s] -- Up-to-date: /home/karthik/ros2_ws/install/my_cpp_pkg/lib/my_cpp_pkg/add_two_ints_client_no_oop
[0.859s] -- Up-to-date: /home/karthik/ros2_ws/install/my_cpp_pkg/share/ament_index/resource_index/package_run_dependencies/my_cpp_pkg
[0.859s] -- Installing: /home/karthik/ros2_ws/install/my_cpp_pkg/share/ament_index/resource_index/parent_prefix_path/my_cpp_pkg
[0.859s] -- Up-to-date: /home/karthik/ros2_ws/install/my_cpp_pkg/share/my_cpp_pkg/environment/ament_prefix_path.sh
[0.859s] -- Installing: /home/karthik/ros2_ws/install/my_cpp_pkg/share/my_cpp_pkg/environment/ament_prefix_path.dsv
[0.860s] -- Up-to-date: /home/karthik/ros2_ws/install/my_cpp_pkg/share/my_cpp_pkg/environment/path.sh
[0.860s] -- Installing: /home/karthik/ros2_ws/install/my_cpp_pkg/share/my_cpp_pkg/environment/path.dsv
[0.860s] -- Up-to-date: /home/karthik/ros2_ws/install/my_cpp_pkg/share/my_cpp_pkg/local_setup.bash
[0.860s] -- Up-to-date: /home/karthik/ros2_ws/install/my_cpp_pkg/share/my_cpp_pkg/local_setup.sh
[0.860s] -- Up-to-date: /home/karthik/ros2_ws/install/my_cpp_pkg/share/my_cpp_pkg/local_setup.zsh
[0.860s] -- Installing: /home/karthik/ros2_ws/install/my_cpp_pkg/share/my_cpp_pkg/local_setup.dsv
[0.860s] -- Installing: /home/karthik/ros2_ws/install/my_cpp_pkg/share/my_cpp_pkg/package.dsv
[0.860s] -- Up-to-date: /home/karthik/ros2_ws/install/my_cpp_pkg/share/ament_index/resource_index/packages/my_cpp_pkg
[0.860s] -- Up-to-date: /home/karthik/ros2_ws/install/my_cpp_pkg/share/my_cpp_pkg/cmake/my_cpp_pkgConfig.cmake
[0.860s] -- Up-to-date: /home/karthik/ros2_ws/install/my_cpp_pkg/share/my_cpp_pkg/cmake/my_cpp_pkgConfig-version.cmake
[0.860s] -- Up-to-date: /home/karthik/ros2_ws/install/my_cpp_pkg/share/my_cpp_pkg/package.xml
[0.862s] Invoked command in '/home/karthik/ros2_ws/build/my_cpp_pkg' returned '0': CMAKE_PREFIX_PATH=${CMAKE_PREFIX_PATH}:/home/karthik/ros2_ws/install/my_py_pkg:/opt/ros/foxy PYTHONPATH=/home/karthik/ros2_ws/install/my_robot_interfaces/lib/python3.8/site-packages:/home/karthik/ros2_ws/build/my_py_pkg:/home/karthik/ros2_ws/install/my_py_pkg/lib/python3.8/site-packages:/opt/ros/foxy/lib/python3.8/site-packages /usr/bin/cmake --install /home/karthik/ros2_ws/build/my_cpp_pkg
