[0.580s] Invoking command in '/home/karthik/ros2_ws/build/my_py_pkg': CMAKE_PREFIX_PATH=/home/karthik/ros2_ws/install/my_robot_interfaces:/home/karthik/ros2_ws/install/my_cpp_pkg PYTHONPATH=/home/karthik/ros2_ws/build/my_py_pkg/prefix_override:/home/karthik/ros2_ws/install/my_py_pkg/lib/python3.8/site-packages:/home/karthik/ros2_ws/install/my_robot_interfaces/lib/python3.8/site-packages:/home/karthik/ros2_ws/build/my_py_pkg:/home/karthik/ros2_ws/install/my_py_pkg/lib/python3.8/site-packages:/opt/ros/foxy/lib/python3.8/site-packages /usr/bin/python3 setup.py develop --editable --build-directory /home/karthik/ros2_ws/build/my_py_pkg/build --no-deps install_data
[0.770s] running develop
[0.918s] running egg_info
[0.918s] writing my_py_pkg.egg-info/PKG-INFO
[0.919s] writing dependency_links to my_py_pkg.egg-info/dependency_links.txt
[0.919s] writing entry points to my_py_pkg.egg-info/entry_points.txt
[0.919s] writing requirements to my_py_pkg.egg-info/requires.txt
[0.919s] writing top-level names to my_py_pkg.egg-info/top_level.txt
[0.952s] reading manifest file 'my_py_pkg.egg-info/SOURCES.txt'
[0.953s] writing manifest file 'my_py_pkg.egg-info/SOURCES.txt'
[0.980s] running build_ext
[0.981s] Creating /home/karthik/ros2_ws/install/my_py_pkg/lib/python3.8/site-packages/my-py-pkg.egg-link (link to .)
[0.981s] Installing add_two_ints_client script to /home/karthik/ros2_ws/install/my_py_pkg/lib/my_py_pkg
[0.982s] Installing add_two_ints_client_no_oop script to /home/karthik/ros2_ws/install/my_py_pkg/lib/my_py_pkg
[0.982s] Installing add_two_ints_server script to /home/karthik/ros2_ws/install/my_py_pkg/lib/my_py_pkg
[0.982s] Installing hw_status_publisher script to /home/karthik/ros2_ws/install/my_py_pkg/lib/my_py_pkg
[0.982s] Installing number_counter script to /home/karthik/ros2_ws/install/my_py_pkg/lib/my_py_pkg
[0.982s] Installing number_publisher script to /home/karthik/ros2_ws/install/my_py_pkg/lib/my_py_pkg
[0.982s] Installing py_node script to /home/karthik/ros2_ws/install/my_py_pkg/lib/my_py_pkg
[0.982s] Installing robot_news_station script to /home/karthik/ros2_ws/install/my_py_pkg/lib/my_py_pkg
[0.982s] Installing smartphone script to /home/karthik/ros2_ws/install/my_py_pkg/lib/my_py_pkg
[0.983s] 
[0.983s] Installed /home/karthik/ros2_ws/build/my_py_pkg
[0.983s] running install_data
[1.003s] Invoked command in '/home/karthik/ros2_ws/build/my_py_pkg' returned '0': CMAKE_PREFIX_PATH=/home/karthik/ros2_ws/install/my_robot_interfaces:/home/karthik/ros2_ws/install/my_cpp_pkg PYTHONPATH=/home/karthik/ros2_ws/build/my_py_pkg/prefix_override:/home/karthik/ros2_ws/install/my_py_pkg/lib/python3.8/site-packages:/home/karthik/ros2_ws/install/my_robot_interfaces/lib/python3.8/site-packages:/home/karthik/ros2_ws/build/my_py_pkg:/home/karthik/ros2_ws/install/my_py_pkg/lib/python3.8/site-packages:/opt/ros/foxy/lib/python3.8/site-packages /usr/bin/python3 setup.py develop --editable --build-directory /home/karthik/ros2_ws/build/my_py_pkg/build --no-deps install_data
