[0.014s] Invoking command in '/home/karthik/ros2_ws/build/my_robot_interfaces': CMAKE_PREFIX_PATH=${CMAKE_PREFIX_PATH}:/home/karthik/ros2_ws/install/my_py_pkg:/opt/ros/foxy /usr/bin/cmake /home/karthik/ros2_ws/src/my_robot_interfaces -DCMAKE_INSTALL_PREFIX=/home/karthik/ros2_ws/install/my_robot_interfaces
[0.026s] -- Found ament_cmake: 0.9.11 (/opt/ros/foxy/share/ament_cmake/cmake)
[0.049s] -- Using PYTHON_EXECUTABLE: /usr/bin/python3
[0.204s] -- Found rosidl_default_generators: 1.0.1 (/opt/ros/foxy/share/rosidl_default_generators/cmake)
[0.206s] -- Using all available rosidl_typesupport_c: rosidl_typesupport_fastrtps_c;rosidl_typesupport_introspection_c
[0.209s] -- Found rosidl_adapter: 1.3.0 (/opt/ros/foxy/share/rosidl_adapter/cmake)
[0.328s] -- Using all available rosidl_typesupport_cpp: rosidl_typesupport_fastrtps_cpp;rosidl_typesupport_introspection_cpp
[0.370s] -- Found PythonInterp: /usr/bin/python3 (found version "3.8.10") 
[0.854s] -- Found ament_cmake_ros: 0.9.2 (/opt/ros/foxy/share/ament_cmake_ros/cmake)
[0.986s] -- Using all available rosidl_typesupport_c: rosidl_typesupport_fastrtps_c;rosidl_typesupport_introspection_c
[1.049s] -- Using all available rosidl_typesupport_cpp: rosidl_typesupport_fastrtps_cpp;rosidl_typesupport_introspection_cpp
[1.119s] -- Found PythonInterp: /usr/bin/python3 (found suitable version "3.8.10", minimum required is "3.5") 
[1.160s] -- Found python_cmake_module: 0.8.1 (/opt/ros/foxy/share/python_cmake_module/cmake)
[1.346s] -- Found PythonLibs: /usr/lib/x86_64-linux-gnu/libpython3.8.so (found suitable version "3.8.10", minimum required is "3.5") 
[1.346s] -- Using PYTHON_EXECUTABLE: /usr/bin/python3
[1.347s] -- Using PYTHON_INCLUDE_DIRS: /usr/include/python3.8
[1.347s] -- Using PYTHON_LIBRARIES: /usr/lib/x86_64-linux-gnu/libpython3.8.so
[1.402s] -- Found PythonExtra: .so  
[1.451s] -- Configuring done
[1.487s] -- Generating done
[1.489s] -- Build files have been written to: /home/karthik/ros2_ws/build/my_robot_interfaces
[1.495s] Invoked command in '/home/karthik/ros2_ws/build/my_robot_interfaces' returned '0': CMAKE_PREFIX_PATH=${CMAKE_PREFIX_PATH}:/home/karthik/ros2_ws/install/my_py_pkg:/opt/ros/foxy /usr/bin/cmake /home/karthik/ros2_ws/src/my_robot_interfaces -DCMAKE_INSTALL_PREFIX=/home/karthik/ros2_ws/install/my_robot_interfaces
[1.497s] Invoking command in '/home/karthik/ros2_ws/build/my_robot_interfaces': CMAKE_PREFIX_PATH=${CMAKE_PREFIX_PATH}:/home/karthik/ros2_ws/install/my_py_pkg:/opt/ros/foxy /usr/bin/cmake --build /home/karthik/ros2_ws/build/my_robot_interfaces -- -j8 -l8
[1.532s] [  1%] [34m[1mGenerating C code for ROS interfaces[0m
[1.532s] [35m[1mScanning dependencies of target my_robot_interfaces__cpp[0m
[1.541s] [  3%] [34m[1mGenerating C++ code for ROS interfaces[0m
[1.934s] [  3%] Built target my_robot_interfaces__cpp
[1.954s] [  5%] [34m[1mGenerating C++ introspection for ROS interfaces[0m
[1.955s] [  7%] [34m[1mGenerating C++ type support for eProsima Fast-RTPS[0m
[1.955s] [  9%] [34m[1mGenerating C++ type support dispatch for ROS interfaces[0m
[2.075s] [35m[1mScanning dependencies of target my_robot_interfaces__rosidl_generator_c[0m
[2.112s] [ 10%] [32mBuilding C object CMakeFiles/my_robot_interfaces__rosidl_generator_c.dir/rosidl_generator_c/my_robot_interfaces/msg/detail/led_state_array__functions.c.o[0m
[2.114s] [ 14%] [32mBuilding C object CMakeFiles/my_robot_interfaces__rosidl_generator_c.dir/rosidl_generator_c/my_robot_interfaces/msg/detail/hardware_status__functions.c.o[0m
[2.114s] [ 14%] [32mBuilding C object CMakeFiles/my_robot_interfaces__rosidl_generator_c.dir/rosidl_generator_c/my_robot_interfaces/srv/detail/compute_rectangle_area__functions.c.o[0m
[2.116s] [ 16%] [32mBuilding C object CMakeFiles/my_robot_interfaces__rosidl_generator_c.dir/rosidl_generator_c/my_robot_interfaces/srv/detail/set_led__functions.c.o[0m
[2.323s] [ 18%] [32m[1mLinking C shared library libmy_robot_interfaces__rosidl_generator_c.so[0m
[2.373s] [ 18%] Built target my_robot_interfaces__rosidl_generator_c
[2.403s] [ 20%] [34m[1mGenerating C introspection for ROS interfaces[0m
[2.403s] [ 21%] [34m[1mGenerating C type support dispatch for ROS interfaces[0m
[2.475s] [35m[1mScanning dependencies of target my_robot_interfaces__rosidl_typesupport_cpp[0m
[2.499s] [ 23%] [32mBuilding CXX object CMakeFiles/my_robot_interfaces__rosidl_typesupport_cpp.dir/rosidl_typesupport_cpp/my_robot_interfaces/msg/led_state_array__type_support.cpp.o[0m
[2.499s] [ 25%] [32mBuilding CXX object CMakeFiles/my_robot_interfaces__rosidl_typesupport_cpp.dir/rosidl_typesupport_cpp/my_robot_interfaces/msg/hardware_status__type_support.cpp.o[0m
[2.502s] [ 27%] [32mBuilding CXX object CMakeFiles/my_robot_interfaces__rosidl_typesupport_cpp.dir/rosidl_typesupport_cpp/my_robot_interfaces/srv/compute_rectangle_area__type_support.cpp.o[0m
[2.533s] [ 29%] [32mBuilding CXX object CMakeFiles/my_robot_interfaces__rosidl_typesupport_cpp.dir/rosidl_typesupport_cpp/my_robot_interfaces/srv/set_led__type_support.cpp.o[0m
[2.714s] [35m[1mScanning dependencies of target my_robot_interfaces__rosidl_typesupport_introspection_cpp[0m
[2.817s] [ 30%] [32mBuilding CXX object CMakeFiles/my_robot_interfaces__rosidl_typesupport_introspection_cpp.dir/rosidl_typesupport_introspection_cpp/my_robot_interfaces/msg/detail/hardware_status__type_support.cpp.o[0m
[2.831s] [35m[1mScanning dependencies of target my_robot_interfaces__rosidl_typesupport_fastrtps_cpp[0m
[3.006s] [ 32%] [32mBuilding CXX object CMakeFiles/my_robot_interfaces__rosidl_typesupport_fastrtps_cpp.dir/rosidl_typesupport_fastrtps_cpp/my_robot_interfaces/msg/detail/dds_fastrtps/hardware_status__type_support.cpp.o[0m
[3.129s] [35m[1mScanning dependencies of target my_robot_interfaces__rosidl_typesupport_c[0m
[3.209s] [ 34%] [32mBuilding CXX object CMakeFiles/my_robot_interfaces__rosidl_typesupport_c.dir/rosidl_typesupport_c/my_robot_interfaces/msg/hardware_status__type_support.cpp.o[0m
[3.249s] [ 36%] [32mBuilding CXX object CMakeFiles/my_robot_interfaces__rosidl_typesupport_c.dir/rosidl_typesupport_c/my_robot_interfaces/msg/led_state_array__type_support.cpp.o[0m
[3.252s] [ 38%] [32mBuilding CXX object CMakeFiles/my_robot_interfaces__rosidl_typesupport_c.dir/rosidl_typesupport_c/my_robot_interfaces/srv/compute_rectangle_area__type_support.cpp.o[0m
[3.270s] [ 40%] [32mBuilding CXX object CMakeFiles/my_robot_interfaces__rosidl_typesupport_c.dir/rosidl_typesupport_c/my_robot_interfaces/srv/set_led__type_support.cpp.o[0m
[3.279s] [ 41%] [32m[1mLinking CXX shared library libmy_robot_interfaces__rosidl_typesupport_cpp.so[0m
[3.283s] [ 43%] [32mBuilding CXX object CMakeFiles/my_robot_interfaces__rosidl_typesupport_fastrtps_cpp.dir/rosidl_typesupport_fastrtps_cpp/my_robot_interfaces/msg/detail/dds_fastrtps/led_state_array__type_support.cpp.o[0m
[3.336s] [ 45%] [32mBuilding CXX object CMakeFiles/my_robot_interfaces__rosidl_typesupport_fastrtps_cpp.dir/rosidl_typesupport_fastrtps_cpp/my_robot_interfaces/srv/detail/dds_fastrtps/compute_rectangle_area__type_support.cpp.o[0m
[3.345s] [ 47%] [32mBuilding CXX object CMakeFiles/my_robot_interfaces__rosidl_typesupport_fastrtps_cpp.dir/rosidl_typesupport_fastrtps_cpp/my_robot_interfaces/srv/detail/dds_fastrtps/set_led__type_support.cpp.o[0m
[3.348s] [ 49%] [32m[1mLinking CXX shared library libmy_robot_interfaces__rosidl_typesupport_c.so[0m
[3.412s] [ 49%] Built target my_robot_interfaces__rosidl_typesupport_cpp
[3.444s] [ 50%] [32mBuilding CXX object CMakeFiles/my_robot_interfaces__rosidl_typesupport_introspection_cpp.dir/rosidl_typesupport_introspection_cpp/my_robot_interfaces/msg/detail/led_state_array__type_support.cpp.o[0m
[3.449s] [35m[1mScanning dependencies of target my_robot_interfaces__rosidl_typesupport_introspection_c[0m
[3.495s] [ 52%] [32mBuilding C object CMakeFiles/my_robot_interfaces__rosidl_typesupport_introspection_c.dir/rosidl_typesupport_introspection_c/my_robot_interfaces/msg/detail/hardware_status__type_support.c.o[0m
[3.517s] [ 52%] Built target my_robot_interfaces__rosidl_typesupport_c
[3.539s] [ 54%] [32mBuilding CXX object CMakeFiles/my_robot_interfaces__rosidl_typesupport_introspection_cpp.dir/rosidl_typesupport_introspection_cpp/my_robot_interfaces/srv/detail/compute_rectangle_area__type_support.cpp.o[0m
[3.548s] [ 56%] [32mBuilding C object CMakeFiles/my_robot_interfaces__rosidl_typesupport_introspection_c.dir/rosidl_typesupport_introspection_c/my_robot_interfaces/msg/detail/led_state_array__type_support.c.o[0m
[3.574s] [ 58%] [32mBuilding CXX object CMakeFiles/my_robot_interfaces__rosidl_typesupport_introspection_cpp.dir/rosidl_typesupport_introspection_cpp/my_robot_interfaces/srv/detail/set_led__type_support.cpp.o[0m
[3.631s] [ 60%] [32mBuilding C object CMakeFiles/my_robot_interfaces__rosidl_typesupport_introspection_c.dir/rosidl_typesupport_introspection_c/my_robot_interfaces/srv/detail/compute_rectangle_area__type_support.c.o[0m
[3.711s] [ 61%] [32mBuilding C object CMakeFiles/my_robot_interfaces__rosidl_typesupport_introspection_c.dir/rosidl_typesupport_introspection_c/my_robot_interfaces/srv/detail/set_led__type_support.c.o[0m
[3.797s] [ 63%] [32m[1mLinking C shared library libmy_robot_interfaces__rosidl_typesupport_introspection_c.so[0m
[3.899s] [ 63%] Built target my_robot_interfaces__rosidl_typesupport_introspection_c
[4.254s] [ 65%] [32m[1mLinking CXX shared library libmy_robot_interfaces__rosidl_typesupport_introspection_cpp.so[0m
[4.345s] [ 67%] [32m[1mLinking CXX shared library libmy_robot_interfaces__rosidl_typesupport_fastrtps_cpp.so[0m
[4.353s] [ 67%] Built target my_robot_interfaces__rosidl_typesupport_introspection_cpp
[4.549s] [ 67%] Built target my_robot_interfaces__rosidl_typesupport_fastrtps_cpp
[4.558s] [ 69%] [34m[1mGenerating C type support for eProsima Fast-RTPS[0m
[4.892s] [35m[1mScanning dependencies of target my_robot_interfaces__rosidl_typesupport_fastrtps_c[0m
[4.927s] [ 72%] [32mBuilding CXX object CMakeFiles/my_robot_interfaces__rosidl_typesupport_fastrtps_c.dir/rosidl_typesupport_fastrtps_c/my_robot_interfaces/msg/detail/hardware_status__type_support_c.cpp.o[0m
[4.927s] [ 72%] [32mBuilding CXX object CMakeFiles/my_robot_interfaces__rosidl_typesupport_fastrtps_c.dir/rosidl_typesupport_fastrtps_c/my_robot_interfaces/msg/detail/led_state_array__type_support_c.cpp.o[0m
[4.928s] [ 74%] [32mBuilding CXX object CMakeFiles/my_robot_interfaces__rosidl_typesupport_fastrtps_c.dir/rosidl_typesupport_fastrtps_c/my_robot_interfaces/srv/detail/compute_rectangle_area__type_support_c.cpp.o[0m
[4.928s] [ 76%] [32mBuilding CXX object CMakeFiles/my_robot_interfaces__rosidl_typesupport_fastrtps_c.dir/rosidl_typesupport_fastrtps_c/my_robot_interfaces/srv/detail/set_led__type_support_c.cpp.o[0m
[5.417s] [ 78%] [32m[1mLinking CXX shared library libmy_robot_interfaces__rosidl_typesupport_fastrtps_c.so[0m
[5.489s] [ 78%] Built target my_robot_interfaces__rosidl_typesupport_fastrtps_c
[5.498s] [35m[1mScanning dependencies of target my_robot_interfaces[0m
[5.507s] [ 78%] Built target my_robot_interfaces
[5.516s] [35m[1mScanning dependencies of target my_robot_interfaces__py[0m
[5.525s] [ 80%] [34m[1mGenerating Python code for ROS interfaces[0m
[6.277s] [ 80%] Built target my_robot_interfaces__py
[6.289s] [35m[1mScanning dependencies of target my_robot_interfaces__python[0m
[6.662s] [ 83%] [32mBuilding C object CMakeFiles/my_robot_interfaces__python.dir/rosidl_generator_py/my_robot_interfaces/msg/_hardware_status_s.c.o[0m
[6.662s] [ 83%] [32mBuilding C object CMakeFiles/my_robot_interfaces__python.dir/rosidl_generator_py/my_robot_interfaces/msg/_led_state_array_s.c.o[0m
[6.662s] [ 87%] [32mBuilding C object CMakeFiles/my_robot_interfaces__python.dir/rosidl_generator_py/my_robot_interfaces/srv/_set_led_s.c.o[0m
[6.662s] [ 87%] [32mBuilding C object CMakeFiles/my_robot_interfaces__python.dir/rosidl_generator_py/my_robot_interfaces/srv/_compute_rectangle_area_s.c.o[0m
[6.887s] [ 89%] [32m[1mLinking C shared library rosidl_generator_py/my_robot_interfaces/libmy_robot_interfaces__python.so[0m
[6.922s] [ 89%] Built target my_robot_interfaces__python
[6.931s] [35m[1mScanning dependencies of target my_robot_interfaces__rosidl_typesupport_c__pyext[0m
[6.931s] [35m[1mScanning dependencies of target my_robot_interfaces__rosidl_typesupport_introspection_c__pyext[0m
[6.931s] [35m[1mScanning dependencies of target my_robot_interfaces__rosidl_typesupport_fastrtps_c__pyext[0m
[6.961s] [ 90%] [32mBuilding C object CMakeFiles/my_robot_interfaces__rosidl_typesupport_c__pyext.dir/rosidl_generator_py/my_robot_interfaces/_my_robot_interfaces_s.ep.rosidl_typesupport_c.c.o[0m
[6.963s] [ 92%] [32mBuilding C object CMakeFiles/my_robot_interfaces__rosidl_typesupport_introspection_c__pyext.dir/rosidl_generator_py/my_robot_interfaces/_my_robot_interfaces_s.ep.rosidl_typesupport_introspection_c.c.o[0m
[6.968s] [ 94%] [32mBuilding C object CMakeFiles/my_robot_interfaces__rosidl_typesupport_fastrtps_c__pyext.dir/rosidl_generator_py/my_robot_interfaces/_my_robot_interfaces_s.ep.rosidl_typesupport_fastrtps_c.c.o[0m
[7.107s] [ 96%] [32m[1mLinking C shared library rosidl_generator_py/my_robot_interfaces/my_robot_interfaces_s__rosidl_typesupport_c.cpython-38-x86_64-linux-gnu.so[0m
[7.107s] [ 98%] [32m[1mLinking C shared library rosidl_generator_py/my_robot_interfaces/my_robot_interfaces_s__rosidl_typesupport_introspection_c.cpython-38-x86_64-linux-gnu.so[0m
[7.117s] [100%] [32m[1mLinking CXX shared library rosidl_generator_py/my_robot_interfaces/my_robot_interfaces_s__rosidl_typesupport_fastrtps_c.cpython-38-x86_64-linux-gnu.so[0m
[7.155s] [100%] Built target my_robot_interfaces__rosidl_typesupport_c__pyext
[7.157s] [100%] Built target my_robot_interfaces__rosidl_typesupport_introspection_c__pyext
[7.206s] [100%] Built target my_robot_interfaces__rosidl_typesupport_fastrtps_c__pyext
[7.216s] Invoked command in '/home/karthik/ros2_ws/build/my_robot_interfaces' returned '0': CMAKE_PREFIX_PATH=${CMAKE_PREFIX_PATH}:/home/karthik/ros2_ws/install/my_py_pkg:/opt/ros/foxy /usr/bin/cmake --build /home/karthik/ros2_ws/build/my_robot_interfaces -- -j8 -l8
[7.300s] Invoking command in '/home/karthik/ros2_ws/build/my_robot_interfaces': CMAKE_PREFIX_PATH=${CMAKE_PREFIX_PATH}:/home/karthik/ros2_ws/install/my_py_pkg:/opt/ros/foxy /usr/bin/cmake --install /home/karthik/ros2_ws/build/my_robot_interfaces
[7.307s] -- Install configuration: ""
[7.307s] -- Installing: /home/karthik/ros2_ws/install/my_robot_interfaces/share/ament_index/resource_index/rosidl_interfaces/my_robot_interfaces
[7.308s] -- Installing: /home/karthik/ros2_ws/install/my_robot_interfaces/include/my_robot_interfaces
[7.308s] -- Installing: /home/karthik/ros2_ws/install/my_robot_interfaces/include/my_robot_interfaces/msg
[7.308s] -- Installing: /home/karthik/ros2_ws/install/my_robot_interfaces/include/my_robot_interfaces/msg/detail
[7.308s] -- Installing: /home/karthik/ros2_ws/install/my_robot_interfaces/include/my_robot_interfaces/msg/detail/led_state_array__type_support.h
[7.308s] -- Installing: /home/karthik/ros2_ws/install/my_robot_interfaces/include/my_robot_interfaces/msg/detail/hardware_status__type_support.h
[7.308s] -- Installing: /home/karthik/ros2_ws/install/my_robot_interfaces/include/my_robot_interfaces/msg/detail/led_state_array__functions.c
[7.308s] -- Installing: /home/karthik/ros2_ws/install/my_robot_interfaces/include/my_robot_interfaces/msg/detail/hardware_status__functions.c
[7.308s] -- Installing: /home/karthik/ros2_ws/install/my_robot_interfaces/include/my_robot_interfaces/msg/detail/hardware_status__functions.h
[7.308s] -- Installing: /home/karthik/ros2_ws/install/my_robot_interfaces/include/my_robot_interfaces/msg/detail/hardware_status__struct.h
[7.308s] -- Installing: /home/karthik/ros2_ws/install/my_robot_interfaces/include/my_robot_interfaces/msg/detail/led_state_array__functions.h
[7.308s] -- Installing: /home/karthik/ros2_ws/install/my_robot_interfaces/include/my_robot_interfaces/msg/detail/led_state_array__struct.h
[7.308s] -- Installing: /home/karthik/ros2_ws/install/my_robot_interfaces/include/my_robot_interfaces/msg/rosidl_generator_c__visibility_control.h
[7.308s] -- Installing: /home/karthik/ros2_ws/install/my_robot_interfaces/include/my_robot_interfaces/msg/hardware_status.h
[7.309s] -- Installing: /home/karthik/ros2_ws/install/my_robot_interfaces/include/my_robot_interfaces/msg/led_state_array.h
[7.309s] -- Installing: /home/karthik/ros2_ws/install/my_robot_interfaces/include/my_robot_interfaces/srv
[7.309s] -- Installing: /home/karthik/ros2_ws/install/my_robot_interfaces/include/my_robot_interfaces/srv/set_led.h
[7.309s] -- Installing: /home/karthik/ros2_ws/install/my_robot_interfaces/include/my_robot_interfaces/srv/detail
[7.309s] -- Installing: /home/karthik/ros2_ws/install/my_robot_interfaces/include/my_robot_interfaces/srv/detail/set_led__functions.h
[7.309s] -- Installing: /home/karthik/ros2_ws/install/my_robot_interfaces/include/my_robot_interfaces/srv/detail/compute_rectangle_area__functions.c
[7.309s] -- Installing: /home/karthik/ros2_ws/install/my_robot_interfaces/include/my_robot_interfaces/srv/detail/set_led__type_support.h
[7.309s] -- Installing: /home/karthik/ros2_ws/install/my_robot_interfaces/include/my_robot_interfaces/srv/detail/compute_rectangle_area__type_support.h
[7.309s] -- Installing: /home/karthik/ros2_ws/install/my_robot_interfaces/include/my_robot_interfaces/srv/detail/set_led__functions.c
[7.309s] -- Installing: /home/karthik/ros2_ws/install/my_robot_interfaces/include/my_robot_interfaces/srv/detail/compute_rectangle_area__struct.h
[7.309s] -- Installing: /home/karthik/ros2_ws/install/my_robot_interfaces/include/my_robot_interfaces/srv/detail/set_led__struct.h
[7.310s] -- Installing: /home/karthik/ros2_ws/install/my_robot_interfaces/include/my_robot_interfaces/srv/detail/compute_rectangle_area__functions.h
[7.310s] -- Installing: /home/karthik/ros2_ws/install/my_robot_interfaces/include/my_robot_interfaces/srv/compute_rectangle_area.h
[7.310s] -- Installing: /home/karthik/ros2_ws/install/my_robot_interfaces/share/my_robot_interfaces/environment/library_path.sh
[7.310s] -- Installing: /home/karthik/ros2_ws/install/my_robot_interfaces/share/my_robot_interfaces/environment/library_path.dsv
[7.310s] -- Installing: /home/karthik/ros2_ws/install/my_robot_interfaces/lib/libmy_robot_interfaces__rosidl_generator_c.so
[7.311s] -- Set runtime path of "/home/karthik/ros2_ws/install/my_robot_interfaces/lib/libmy_robot_interfaces__rosidl_generator_c.so" to ""
[7.311s] -- Up-to-date: /home/karthik/ros2_ws/install/my_robot_interfaces/include/my_robot_interfaces
[7.311s] -- Up-to-date: /home/karthik/ros2_ws/install/my_robot_interfaces/include/my_robot_interfaces/msg
[7.311s] -- Installing: /home/karthik/ros2_ws/install/my_robot_interfaces/include/my_robot_interfaces/msg/rosidl_typesupport_fastrtps_c__visibility_control.h
[7.311s] -- Up-to-date: /home/karthik/ros2_ws/install/my_robot_interfaces/include/my_robot_interfaces/msg/detail
[7.311s] -- Installing: /home/karthik/ros2_ws/install/my_robot_interfaces/include/my_robot_interfaces/msg/detail/hardware_status__rosidl_typesupport_fastrtps_c.h
[7.311s] -- Installing: /home/karthik/ros2_ws/install/my_robot_interfaces/include/my_robot_interfaces/msg/detail/led_state_array__rosidl_typesupport_fastrtps_c.h
[7.311s] -- Up-to-date: /home/karthik/ros2_ws/install/my_robot_interfaces/include/my_robot_interfaces/srv
[7.311s] -- Up-to-date: /home/karthik/ros2_ws/install/my_robot_interfaces/include/my_robot_interfaces/srv/detail
[7.311s] -- Installing: /home/karthik/ros2_ws/install/my_robot_interfaces/include/my_robot_interfaces/srv/detail/set_led__rosidl_typesupport_fastrtps_c.h
[7.312s] -- Installing: /home/karthik/ros2_ws/install/my_robot_interfaces/include/my_robot_interfaces/srv/detail/compute_rectangle_area__rosidl_typesupport_fastrtps_c.h
[7.312s] -- Installing: /home/karthik/ros2_ws/install/my_robot_interfaces/lib/libmy_robot_interfaces__rosidl_typesupport_fastrtps_c.so
[7.312s] -- Set runtime path of "/home/karthik/ros2_ws/install/my_robot_interfaces/lib/libmy_robot_interfaces__rosidl_typesupport_fastrtps_c.so" to ""
[7.312s] -- Up-to-date: /home/karthik/ros2_ws/install/my_robot_interfaces/include/my_robot_interfaces
[7.312s] -- Up-to-date: /home/karthik/ros2_ws/install/my_robot_interfaces/include/my_robot_interfaces/msg
[7.312s] -- Installing: /home/karthik/ros2_ws/install/my_robot_interfaces/include/my_robot_interfaces/msg/rosidl_typesupport_fastrtps_cpp__visibility_control.h
[7.312s] -- Up-to-date: /home/karthik/ros2_ws/install/my_robot_interfaces/include/my_robot_interfaces/msg/detail
[7.313s] -- Installing: /home/karthik/ros2_ws/install/my_robot_interfaces/include/my_robot_interfaces/msg/detail/dds_fastrtps
[7.313s] -- Installing: /home/karthik/ros2_ws/install/my_robot_interfaces/include/my_robot_interfaces/msg/detail/hardware_status__rosidl_typesupport_fastrtps_cpp.hpp
[7.313s] -- Installing: /home/karthik/ros2_ws/install/my_robot_interfaces/include/my_robot_interfaces/msg/detail/led_state_array__rosidl_typesupport_fastrtps_cpp.hpp
[7.313s] -- Up-to-date: /home/karthik/ros2_ws/install/my_robot_interfaces/include/my_robot_interfaces/srv
[7.313s] -- Up-to-date: /home/karthik/ros2_ws/install/my_robot_interfaces/include/my_robot_interfaces/srv/detail
[7.313s] -- Installing: /home/karthik/ros2_ws/install/my_robot_interfaces/include/my_robot_interfaces/srv/detail/compute_rectangle_area__rosidl_typesupport_fastrtps_cpp.hpp
[7.313s] -- Installing: /home/karthik/ros2_ws/install/my_robot_interfaces/include/my_robot_interfaces/srv/detail/dds_fastrtps
[7.313s] -- Installing: /home/karthik/ros2_ws/install/my_robot_interfaces/include/my_robot_interfaces/srv/detail/set_led__rosidl_typesupport_fastrtps_cpp.hpp
[7.313s] -- Installing: /home/karthik/ros2_ws/install/my_robot_interfaces/lib/libmy_robot_interfaces__rosidl_typesupport_fastrtps_cpp.so
[7.314s] -- Set runtime path of "/home/karthik/ros2_ws/install/my_robot_interfaces/lib/libmy_robot_interfaces__rosidl_typesupport_fastrtps_cpp.so" to ""
[7.315s] -- Up-to-date: /home/karthik/ros2_ws/install/my_robot_interfaces/include/my_robot_interfaces
[7.315s] -- Up-to-date: /home/karthik/ros2_ws/install/my_robot_interfaces/include/my_robot_interfaces/msg
[7.316s] -- Up-to-date: /home/karthik/ros2_ws/install/my_robot_interfaces/include/my_robot_interfaces/msg/detail
[7.317s] -- Installing: /home/karthik/ros2_ws/install/my_robot_interfaces/include/my_robot_interfaces/msg/detail/hardware_status__rosidl_typesupport_introspection_c.h
[7.317s] -- Installing: /home/karthik/ros2_ws/install/my_robot_interfaces/include/my_robot_interfaces/msg/detail/hardware_status__type_support.c
[7.317s] -- Installing: /home/karthik/ros2_ws/install/my_robot_interfaces/include/my_robot_interfaces/msg/detail/led_state_array__type_support.c
[7.318s] -- Installing: /home/karthik/ros2_ws/install/my_robot_interfaces/include/my_robot_interfaces/msg/detail/led_state_array__rosidl_typesupport_introspection_c.h
[7.318s] -- Installing: /home/karthik/ros2_ws/install/my_robot_interfaces/include/my_robot_interfaces/msg/rosidl_typesupport_introspection_c__visibility_control.h
[7.319s] -- Up-to-date: /home/karthik/ros2_ws/install/my_robot_interfaces/include/my_robot_interfaces/srv
[7.319s] -- Up-to-date: /home/karthik/ros2_ws/install/my_robot_interfaces/include/my_robot_interfaces/srv/detail
[7.319s] -- Installing: /home/karthik/ros2_ws/install/my_robot_interfaces/include/my_robot_interfaces/srv/detail/set_led__type_support.c
[7.319s] -- Installing: /home/karthik/ros2_ws/install/my_robot_interfaces/include/my_robot_interfaces/srv/detail/set_led__rosidl_typesupport_introspection_c.h
[7.319s] -- Installing: /home/karthik/ros2_ws/install/my_robot_interfaces/include/my_robot_interfaces/srv/detail/compute_rectangle_area__type_support.c
[7.320s] -- Installing: /home/karthik/ros2_ws/install/my_robot_interfaces/include/my_robot_interfaces/srv/detail/compute_rectangle_area__rosidl_typesupport_introspection_c.h
[7.320s] -- Installing: /home/karthik/ros2_ws/install/my_robot_interfaces/lib/libmy_robot_interfaces__rosidl_typesupport_introspection_c.so
[7.320s] -- Set runtime path of "/home/karthik/ros2_ws/install/my_robot_interfaces/lib/libmy_robot_interfaces__rosidl_typesupport_introspection_c.so" to ""
[7.320s] -- Installing: /home/karthik/ros2_ws/install/my_robot_interfaces/lib/libmy_robot_interfaces__rosidl_typesupport_c.so
[7.320s] -- Set runtime path of "/home/karthik/ros2_ws/install/my_robot_interfaces/lib/libmy_robot_interfaces__rosidl_typesupport_c.so" to ""
[7.320s] -- Up-to-date: /home/karthik/ros2_ws/install/my_robot_interfaces/include/my_robot_interfaces
[7.320s] -- Up-to-date: /home/karthik/ros2_ws/install/my_robot_interfaces/include/my_robot_interfaces/msg
[7.321s] -- Installing: /home/karthik/ros2_ws/install/my_robot_interfaces/include/my_robot_interfaces/msg/hardware_status.hpp
[7.321s] -- Up-to-date: /home/karthik/ros2_ws/install/my_robot_interfaces/include/my_robot_interfaces/msg/detail
[7.321s] -- Installing: /home/karthik/ros2_ws/install/my_robot_interfaces/include/my_robot_interfaces/msg/detail/led_state_array__traits.hpp
[7.321s] -- Installing: /home/karthik/ros2_ws/install/my_robot_interfaces/include/my_robot_interfaces/msg/detail/hardware_status__builder.hpp
[7.321s] -- Installing: /home/karthik/ros2_ws/install/my_robot_interfaces/include/my_robot_interfaces/msg/detail/hardware_status__struct.hpp
[7.321s] -- Installing: /home/karthik/ros2_ws/install/my_robot_interfaces/include/my_robot_interfaces/msg/detail/hardware_status__traits.hpp
[7.321s] -- Installing: /home/karthik/ros2_ws/install/my_robot_interfaces/include/my_robot_interfaces/msg/detail/led_state_array__struct.hpp
[7.321s] -- Installing: /home/karthik/ros2_ws/install/my_robot_interfaces/include/my_robot_interfaces/msg/detail/led_state_array__builder.hpp
[7.321s] -- Installing: /home/karthik/ros2_ws/install/my_robot_interfaces/include/my_robot_interfaces/msg/led_state_array.hpp
[7.321s] -- Up-to-date: /home/karthik/ros2_ws/install/my_robot_interfaces/include/my_robot_interfaces/srv
[7.322s] -- Up-to-date: /home/karthik/ros2_ws/install/my_robot_interfaces/include/my_robot_interfaces/srv/detail
[7.322s] -- Installing: /home/karthik/ros2_ws/install/my_robot_interfaces/include/my_robot_interfaces/srv/detail/compute_rectangle_area__struct.hpp
[7.322s] -- Installing: /home/karthik/ros2_ws/install/my_robot_interfaces/include/my_robot_interfaces/srv/detail/compute_rectangle_area__traits.hpp
[7.322s] -- Installing: /home/karthik/ros2_ws/install/my_robot_interfaces/include/my_robot_interfaces/srv/detail/set_led__struct.hpp
[7.322s] -- Installing: /home/karthik/ros2_ws/install/my_robot_interfaces/include/my_robot_interfaces/srv/detail/set_led__traits.hpp
[7.322s] -- Installing: /home/karthik/ros2_ws/install/my_robot_interfaces/include/my_robot_interfaces/srv/detail/set_led__builder.hpp
[7.322s] -- Installing: /home/karthik/ros2_ws/install/my_robot_interfaces/include/my_robot_interfaces/srv/detail/compute_rectangle_area__builder.hpp
[7.322s] -- Installing: /home/karthik/ros2_ws/install/my_robot_interfaces/include/my_robot_interfaces/srv/set_led.hpp
[7.322s] -- Installing: /home/karthik/ros2_ws/install/my_robot_interfaces/include/my_robot_interfaces/srv/compute_rectangle_area.hpp
[7.323s] -- Up-to-date: /home/karthik/ros2_ws/install/my_robot_interfaces/include/my_robot_interfaces
[7.323s] -- Up-to-date: /home/karthik/ros2_ws/install/my_robot_interfaces/include/my_robot_interfaces/msg
[7.323s] -- Up-to-date: /home/karthik/ros2_ws/install/my_robot_interfaces/include/my_robot_interfaces/msg/detail
[7.323s] -- Installing: /home/karthik/ros2_ws/install/my_robot_interfaces/include/my_robot_interfaces/msg/detail/hardware_status__type_support.cpp
[7.323s] -- Installing: /home/karthik/ros2_ws/install/my_robot_interfaces/include/my_robot_interfaces/msg/detail/led_state_array__rosidl_typesupport_introspection_cpp.hpp
[7.323s] -- Installing: /home/karthik/ros2_ws/install/my_robot_interfaces/include/my_robot_interfaces/msg/detail/hardware_status__rosidl_typesupport_introspection_cpp.hpp
[7.323s] -- Installing: /home/karthik/ros2_ws/install/my_robot_interfaces/include/my_robot_interfaces/msg/detail/led_state_array__type_support.cpp
[7.323s] -- Up-to-date: /home/karthik/ros2_ws/install/my_robot_interfaces/include/my_robot_interfaces/srv
[7.324s] -- Up-to-date: /home/karthik/ros2_ws/install/my_robot_interfaces/include/my_robot_interfaces/srv/detail
[7.324s] -- Installing: /home/karthik/ros2_ws/install/my_robot_interfaces/include/my_robot_interfaces/srv/detail/compute_rectangle_area__type_support.cpp
[7.324s] -- Installing: /home/karthik/ros2_ws/install/my_robot_interfaces/include/my_robot_interfaces/srv/detail/set_led__rosidl_typesupport_introspection_cpp.hpp
[7.324s] -- Installing: /home/karthik/ros2_ws/install/my_robot_interfaces/include/my_robot_interfaces/srv/detail/compute_rectangle_area__rosidl_typesupport_introspection_cpp.hpp
[7.324s] -- Installing: /home/karthik/ros2_ws/install/my_robot_interfaces/include/my_robot_interfaces/srv/detail/set_led__type_support.cpp
[7.324s] -- Installing: /home/karthik/ros2_ws/install/my_robot_interfaces/lib/libmy_robot_interfaces__rosidl_typesupport_introspection_cpp.so
[7.325s] -- Set runtime path of "/home/karthik/ros2_ws/install/my_robot_interfaces/lib/libmy_robot_interfaces__rosidl_typesupport_introspection_cpp.so" to ""
[7.325s] -- Installing: /home/karthik/ros2_ws/install/my_robot_interfaces/lib/libmy_robot_interfaces__rosidl_typesupport_cpp.so
[7.325s] -- Set runtime path of "/home/karthik/ros2_ws/install/my_robot_interfaces/lib/libmy_robot_interfaces__rosidl_typesupport_cpp.so" to ""
[7.326s] -- Installing: /home/karthik/ros2_ws/install/my_robot_interfaces/share/my_robot_interfaces/environment/pythonpath.sh
[7.326s] -- Installing: /home/karthik/ros2_ws/install/my_robot_interfaces/share/my_robot_interfaces/environment/pythonpath.dsv
[7.326s] -- Installing: /home/karthik/ros2_ws/install/my_robot_interfaces/lib/python3.8/site-packages/my_robot_interfaces/__init__.py
[7.353s] Compiling '/home/karthik/ros2_ws/install/my_robot_interfaces/lib/python3.8/site-packages/my_robot_interfaces/__init__.py'...
[7.356s] -- Installing: /home/karthik/ros2_ws/install/my_robot_interfaces/lib/python3.8/site-packages/my_robot_interfaces/msg
[7.356s] -- Installing: /home/karthik/ros2_ws/install/my_robot_interfaces/lib/python3.8/site-packages/my_robot_interfaces/msg/_hardware_status.py
[7.356s] -- Installing: /home/karthik/ros2_ws/install/my_robot_interfaces/lib/python3.8/site-packages/my_robot_interfaces/msg/_led_state_array_s.c
[7.356s] -- Installing: /home/karthik/ros2_ws/install/my_robot_interfaces/lib/python3.8/site-packages/my_robot_interfaces/msg/_hardware_status_s.c
[7.356s] -- Installing: /home/karthik/ros2_ws/install/my_robot_interfaces/lib/python3.8/site-packages/my_robot_interfaces/msg/_led_state_array.py
[7.357s] -- Installing: /home/karthik/ros2_ws/install/my_robot_interfaces/lib/python3.8/site-packages/my_robot_interfaces/msg/__init__.py
[7.357s] -- Installing: /home/karthik/ros2_ws/install/my_robot_interfaces/lib/python3.8/site-packages/my_robot_interfaces/srv
[7.357s] -- Installing: /home/karthik/ros2_ws/install/my_robot_interfaces/lib/python3.8/site-packages/my_robot_interfaces/srv/_set_led_s.c
[7.357s] -- Installing: /home/karthik/ros2_ws/install/my_robot_interfaces/lib/python3.8/site-packages/my_robot_interfaces/srv/_set_led.py
[7.357s] -- Installing: /home/karthik/ros2_ws/install/my_robot_interfaces/lib/python3.8/site-packages/my_robot_interfaces/srv/_compute_rectangle_area_s.c
[7.357s] -- Installing: /home/karthik/ros2_ws/install/my_robot_interfaces/lib/python3.8/site-packages/my_robot_interfaces/srv/_compute_rectangle_area.py
[7.357s] -- Installing: /home/karthik/ros2_ws/install/my_robot_interfaces/lib/python3.8/site-packages/my_robot_interfaces/srv/__init__.py
[7.357s] -- Installing: /home/karthik/ros2_ws/install/my_robot_interfaces/lib/python3.8/site-packages/my_robot_interfaces/my_robot_interfaces_s__rosidl_typesupport_fastrtps_c.cpython-38-x86_64-linux-gnu.so
[7.357s] -- Set runtime path of "/home/karthik/ros2_ws/install/my_robot_interfaces/lib/python3.8/site-packages/my_robot_interfaces/my_robot_interfaces_s__rosidl_typesupport_fastrtps_c.cpython-38-x86_64-linux-gnu.so" to ""
[7.358s] -- Installing: /home/karthik/ros2_ws/install/my_robot_interfaces/lib/python3.8/site-packages/my_robot_interfaces/my_robot_interfaces_s__rosidl_typesupport_introspection_c.cpython-38-x86_64-linux-gnu.so
[7.358s] -- Set runtime path of "/home/karthik/ros2_ws/install/my_robot_interfaces/lib/python3.8/site-packages/my_robot_interfaces/my_robot_interfaces_s__rosidl_typesupport_introspection_c.cpython-38-x86_64-linux-gnu.so" to ""
[7.358s] -- Installing: /home/karthik/ros2_ws/install/my_robot_interfaces/lib/python3.8/site-packages/my_robot_interfaces/my_robot_interfaces_s__rosidl_typesupport_c.cpython-38-x86_64-linux-gnu.so
[7.359s] -- Set runtime path of "/home/karthik/ros2_ws/install/my_robot_interfaces/lib/python3.8/site-packages/my_robot_interfaces/my_robot_interfaces_s__rosidl_typesupport_c.cpython-38-x86_64-linux-gnu.so" to ""
[7.359s] -- Installing: /home/karthik/ros2_ws/install/my_robot_interfaces/lib/libmy_robot_interfaces__python.so
[7.359s] -- Set runtime path of "/home/karthik/ros2_ws/install/my_robot_interfaces/lib/libmy_robot_interfaces__python.so" to ""
[7.360s] -- Installing: /home/karthik/ros2_ws/install/my_robot_interfaces/share/my_robot_interfaces/msg/HardwareStatus.idl
[7.360s] -- Installing: /home/karthik/ros2_ws/install/my_robot_interfaces/share/my_robot_interfaces/msg/LedStateArray.idl
[7.360s] -- Installing: /home/karthik/ros2_ws/install/my_robot_interfaces/share/my_robot_interfaces/srv/ComputeRectangleArea.idl
[7.360s] -- Installing: /home/karthik/ros2_ws/install/my_robot_interfaces/share/my_robot_interfaces/srv/SetLed.idl
[7.360s] -- Installing: /home/karthik/ros2_ws/install/my_robot_interfaces/share/my_robot_interfaces/msg/HardwareStatus.msg
[7.360s] -- Installing: /home/karthik/ros2_ws/install/my_robot_interfaces/share/my_robot_interfaces/msg/LedStateArray.msg
[7.360s] -- Installing: /home/karthik/ros2_ws/install/my_robot_interfaces/share/my_robot_interfaces/srv/ComputeRectangleArea.srv
[7.360s] -- Installing: /home/karthik/ros2_ws/install/my_robot_interfaces/share/my_robot_interfaces/srv/ComputeRectangleArea_Request.msg
[7.361s] -- Installing: /home/karthik/ros2_ws/install/my_robot_interfaces/share/my_robot_interfaces/srv/ComputeRectangleArea_Response.msg
[7.361s] -- Installing: /home/karthik/ros2_ws/install/my_robot_interfaces/share/my_robot_interfaces/srv/SetLed.srv
[7.361s] -- Installing: /home/karthik/ros2_ws/install/my_robot_interfaces/share/my_robot_interfaces/srv/SetLed_Request.msg
[7.361s] -- Installing: /home/karthik/ros2_ws/install/my_robot_interfaces/share/my_robot_interfaces/srv/SetLed_Response.msg
[7.361s] -- Installing: /home/karthik/ros2_ws/install/my_robot_interfaces/share/ament_index/resource_index/package_run_dependencies/my_robot_interfaces
[7.361s] -- Installing: /home/karthik/ros2_ws/install/my_robot_interfaces/share/ament_index/resource_index/parent_prefix_path/my_robot_interfaces
[7.361s] -- Installing: /home/karthik/ros2_ws/install/my_robot_interfaces/share/my_robot_interfaces/environment/ament_prefix_path.sh
[7.361s] -- Installing: /home/karthik/ros2_ws/install/my_robot_interfaces/share/my_robot_interfaces/environment/ament_prefix_path.dsv
[7.361s] -- Installing: /home/karthik/ros2_ws/install/my_robot_interfaces/share/my_robot_interfaces/environment/path.sh
[7.362s] -- Installing: /home/karthik/ros2_ws/install/my_robot_interfaces/share/my_robot_interfaces/environment/path.dsv
[7.362s] -- Installing: /home/karthik/ros2_ws/install/my_robot_interfaces/share/my_robot_interfaces/local_setup.bash
[7.362s] -- Installing: /home/karthik/ros2_ws/install/my_robot_interfaces/share/my_robot_interfaces/local_setup.sh
[7.362s] -- Installing: /home/karthik/ros2_ws/install/my_robot_interfaces/share/my_robot_interfaces/local_setup.zsh
[7.362s] -- Installing: /home/karthik/ros2_ws/install/my_robot_interfaces/share/my_robot_interfaces/local_setup.dsv
[7.362s] -- Installing: /home/karthik/ros2_ws/install/my_robot_interfaces/share/my_robot_interfaces/package.dsv
[7.362s] -- Installing: /home/karthik/ros2_ws/install/my_robot_interfaces/share/ament_index/resource_index/packages/my_robot_interfaces
[7.362s] -- Installing: /home/karthik/ros2_ws/install/my_robot_interfaces/share/my_robot_interfaces/cmake/my_robot_interfaces__rosidl_generator_cExport.cmake
[7.363s] -- Installing: /home/karthik/ros2_ws/install/my_robot_interfaces/share/my_robot_interfaces/cmake/my_robot_interfaces__rosidl_generator_cExport-noconfig.cmake
[7.363s] -- Installing: /home/karthik/ros2_ws/install/my_robot_interfaces/share/my_robot_interfaces/cmake/my_robot_interfaces__rosidl_typesupport_introspection_cExport.cmake
[7.363s] -- Installing: /home/karthik/ros2_ws/install/my_robot_interfaces/share/my_robot_interfaces/cmake/my_robot_interfaces__rosidl_typesupport_introspection_cExport-noconfig.cmake
[7.363s] -- Installing: /home/karthik/ros2_ws/install/my_robot_interfaces/share/my_robot_interfaces/cmake/my_robot_interfaces__rosidl_typesupport_cExport.cmake
[7.363s] -- Installing: /home/karthik/ros2_ws/install/my_robot_interfaces/share/my_robot_interfaces/cmake/my_robot_interfaces__rosidl_typesupport_cExport-noconfig.cmake
[7.363s] -- Installing: /home/karthik/ros2_ws/install/my_robot_interfaces/share/my_robot_interfaces/cmake/my_robot_interfaces__rosidl_generator_cppExport.cmake
[7.364s] -- Installing: /home/karthik/ros2_ws/install/my_robot_interfaces/share/my_robot_interfaces/cmake/my_robot_interfaces__rosidl_typesupport_introspection_cppExport.cmake
[7.364s] -- Installing: /home/karthik/ros2_ws/install/my_robot_interfaces/share/my_robot_interfaces/cmake/my_robot_interfaces__rosidl_typesupport_introspection_cppExport-noconfig.cmake
[7.364s] -- Installing: /home/karthik/ros2_ws/install/my_robot_interfaces/share/my_robot_interfaces/cmake/my_robot_interfaces__rosidl_typesupport_cppExport.cmake
[7.364s] -- Installing: /home/karthik/ros2_ws/install/my_robot_interfaces/share/my_robot_interfaces/cmake/my_robot_interfaces__rosidl_typesupport_cppExport-noconfig.cmake
[7.364s] -- Installing: /home/karthik/ros2_ws/install/my_robot_interfaces/share/my_robot_interfaces/cmake/rosidl_cmake-extras.cmake
[7.364s] -- Installing: /home/karthik/ros2_ws/install/my_robot_interfaces/share/my_robot_interfaces/cmake/ament_cmake_export_dependencies-extras.cmake
[7.364s] -- Installing: /home/karthik/ros2_ws/install/my_robot_interfaces/share/my_robot_interfaces/cmake/ament_cmake_export_libraries-extras.cmake
[7.364s] -- Installing: /home/karthik/ros2_ws/install/my_robot_interfaces/share/my_robot_interfaces/cmake/ament_cmake_export_targets-extras.cmake
[7.365s] -- Installing: /home/karthik/ros2_ws/install/my_robot_interfaces/share/my_robot_interfaces/cmake/ament_cmake_export_include_directories-extras.cmake
[7.365s] -- Installing: /home/karthik/ros2_ws/install/my_robot_interfaces/share/my_robot_interfaces/cmake/rosidl_cmake_export_typesupport_libraries-extras.cmake
[7.365s] -- Installing: /home/karthik/ros2_ws/install/my_robot_interfaces/share/my_robot_interfaces/cmake/rosidl_cmake_export_typesupport_targets-extras.cmake
[7.365s] -- Installing: /home/karthik/ros2_ws/install/my_robot_interfaces/share/my_robot_interfaces/cmake/my_robot_interfacesConfig.cmake
[7.365s] -- Installing: /home/karthik/ros2_ws/install/my_robot_interfaces/share/my_robot_interfaces/cmake/my_robot_interfacesConfig-version.cmake
[7.365s] -- Installing: /home/karthik/ros2_ws/install/my_robot_interfaces/share/my_robot_interfaces/package.xml
[7.368s] Invoked command in '/home/karthik/ros2_ws/build/my_robot_interfaces' returned '0': CMAKE_PREFIX_PATH=${CMAKE_PREFIX_PATH}:/home/karthik/ros2_ws/install/my_py_pkg:/opt/ros/foxy /usr/bin/cmake --install /home/karthik/ros2_ws/build/my_robot_interfaces
