[0.601s] Invoking command in '/home/karthik/ros2_ws/build/my_py_pkg': PYTHONPATH=/home/karthik/ros2_ws/build/my_py_pkg/prefix_override:/home/karthik/ros2_ws/install/my_py_pkg/lib/python3.8/site-packages:${PYTHONPATH} /usr/bin/python3 setup.py develop --uninstall --editable --build-directory /home/karthik/ros2_ws/build/my_py_pkg/build
[0.790s] running develop
[0.913s] Removing /home/karthik/ros2_ws/install/my_py_pkg/lib/python3.8/site-packages/my-py-pkg.egg-link (link to .)
[0.932s] Invoked command in '/home/karthik/ros2_ws/build/my_py_pkg' returned '0': PYTHONPATH=/home/karthik/ros2_ws/build/my_py_pkg/prefix_override:/home/karthik/ros2_ws/install/my_py_pkg/lib/python3.8/site-packages:${PYTHONPATH} /usr/bin/python3 setup.py develop --uninstall --editable --build-directory /home/karthik/ros2_ws/build/my_py_pkg/build
[0.933s] Invoking command in '/home/karthik/ros2_ws/src/my_py_pkg': PYTHONPATH=/home/karthik/ros2_ws/build/my_py_pkg/prefix_override:/home/karthik/ros2_ws/install/my_py_pkg/lib/python3.8/site-packages:${PYTHONPATH} /usr/bin/python3 setup.py egg_info --egg-base ../../build/my_py_pkg build --build-base /home/karthik/ros2_ws/build/my_py_pkg/build install --record /home/karthik/ros2_ws/build/my_py_pkg/install.log --install-scripts $base/lib/my_py_pkg --single-version-externally-managed
[1.105s] running egg_info
[1.106s] writing ../../build/my_py_pkg/my_py_pkg.egg-info/PKG-INFO
[1.106s] writing dependency_links to ../../build/my_py_pkg/my_py_pkg.egg-info/dependency_links.txt
[1.106s] writing entry points to ../../build/my_py_pkg/my_py_pkg.egg-info/entry_points.txt
[1.106s] writing requirements to ../../build/my_py_pkg/my_py_pkg.egg-info/requires.txt
[1.106s] writing top-level names to ../../build/my_py_pkg/my_py_pkg.egg-info/top_level.txt
[1.135s] reading manifest file '../../build/my_py_pkg/my_py_pkg.egg-info/SOURCES.txt'
[1.136s] writing manifest file '../../build/my_py_pkg/my_py_pkg.egg-info/SOURCES.txt'
[1.136s] running build
[1.136s] running build_py
[1.136s] copying my_py_pkg/template_python_node.py -> /home/karthik/ros2_ws/build/my_py_pkg/build/lib/my_py_pkg
[1.136s] copying my_py_pkg/robot_news_station.py -> /home/karthik/ros2_ws/build/my_py_pkg/build/lib/my_py_pkg
[1.137s] running install
[1.137s] running install_lib
[1.138s] creating /home/karthik/ros2_ws/install/my_py_pkg/lib/python3.8/site-packages/my_py_pkg
[1.139s] copying /home/karthik/ros2_ws/build/my_py_pkg/build/lib/my_py_pkg/my_first_node.py -> /home/karthik/ros2_ws/install/my_py_pkg/lib/python3.8/site-packages/my_py_pkg
[1.139s] copying /home/karthik/ros2_ws/build/my_py_pkg/build/lib/my_py_pkg/template_python_node.py -> /home/karthik/ros2_ws/install/my_py_pkg/lib/python3.8/site-packages/my_py_pkg
[1.139s] copying /home/karthik/ros2_ws/build/my_py_pkg/build/lib/my_py_pkg/robot_news_station.py -> /home/karthik/ros2_ws/install/my_py_pkg/lib/python3.8/site-packages/my_py_pkg
[1.139s] copying /home/karthik/ros2_ws/build/my_py_pkg/build/lib/my_py_pkg/__init__.py -> /home/karthik/ros2_ws/install/my_py_pkg/lib/python3.8/site-packages/my_py_pkg
[1.139s] byte-compiling /home/karthik/ros2_ws/install/my_py_pkg/lib/python3.8/site-packages/my_py_pkg/my_first_node.py to my_first_node.cpython-38.pyc
[1.141s] byte-compiling /home/karthik/ros2_ws/install/my_py_pkg/lib/python3.8/site-packages/my_py_pkg/template_python_node.py to template_python_node.cpython-38.pyc
[1.141s] byte-compiling /home/karthik/ros2_ws/install/my_py_pkg/lib/python3.8/site-packages/my_py_pkg/robot_news_station.py to robot_news_station.cpython-38.pyc
[1.142s] byte-compiling /home/karthik/ros2_ws/install/my_py_pkg/lib/python3.8/site-packages/my_py_pkg/__init__.py to __init__.cpython-38.pyc
[1.142s] running install_data
[1.142s] copying package.xml -> /home/karthik/ros2_ws/install/my_py_pkg/share/my_py_pkg
[1.142s] running install_egg_info
[1.144s] Copying ../../build/my_py_pkg/my_py_pkg.egg-info to /home/karthik/ros2_ws/install/my_py_pkg/lib/python3.8/site-packages/my_py_pkg-0.0.0-py3.8.egg-info
[1.177s] running install_scripts
[1.213s] Installing py_node script to /home/karthik/ros2_ws/install/my_py_pkg/lib/my_py_pkg
[1.214s] writing list of installed files to '/home/karthik/ros2_ws/build/my_py_pkg/install.log'
[1.235s] Invoked command in '/home/karthik/ros2_ws/src/my_py_pkg' returned '0': PYTHONPATH=/home/karthik/ros2_ws/build/my_py_pkg/prefix_override:/home/karthik/ros2_ws/install/my_py_pkg/lib/python3.8/site-packages:${PYTHONPATH} /usr/bin/python3 setup.py egg_info --egg-base ../../build/my_py_pkg build --build-base /home/karthik/ros2_ws/build/my_py_pkg/build install --record /home/karthik/ros2_ws/build/my_py_pkg/install.log --install-scripts $base/lib/my_py_pkg --single-version-externally-managed
