[0.015s] Invoking command in '/home/karthik/ros2_ws/build/my_robot_interfaces': CMAKE_PREFIX_PATH=${CMAKE_PREFIX_PATH}:/home/karthik/ros2_ws/install/my_py_pkg:/opt/ros/foxy /usr/bin/cmake --build /home/karthik/ros2_ws/build/my_robot_interfaces -- -j8 -l8
[0.060s] [  1%] Built target my_robot_interfaces__cpp
[0.075s] [ 12%] Built target my_robot_interfaces__rosidl_generator_c
[0.098s] [ 23%] Built target my_robot_interfaces__rosidl_typesupport_introspection_cpp
[0.101s] [ 34%] Built target my_robot_interfaces__rosidl_typesupport_cpp
[0.121s] [ 49%] Built target my_robot_interfaces__rosidl_typesupport_fastrtps_cpp
[0.121s] [ 67%] Built target my_robot_interfaces__rosidl_typesupport_c
[0.121s] [ 67%] Built target my_robot_interfaces__rosidl_typesupport_introspection_c
[0.147s] [ 78%] Built target my_robot_interfaces__rosidl_typesupport_fastrtps_c
[0.164s] [ 78%] Built target my_robot_interfaces
[0.182s] [ 80%] Built target my_robot_interfaces__py
[0.207s] [ 89%] Built target my_robot_interfaces__python
[0.230s] [100%] Built target my_robot_interfaces__rosidl_typesupport_introspection_c__pyext
[0.230s] [100%] Built target my_robot_interfaces__rosidl_typesupport_c__pyext
[0.230s] [100%] Built target my_robot_interfaces__rosidl_typesupport_fastrtps_c__pyext
[0.240s] Invoked command in '/home/karthik/ros2_ws/build/my_robot_interfaces' returned '0': CMAKE_PREFIX_PATH=${CMAKE_PREFIX_PATH}:/home/karthik/ros2_ws/install/my_py_pkg:/opt/ros/foxy /usr/bin/cmake --build /home/karthik/ros2_ws/build/my_robot_interfaces -- -j8 -l8
[0.325s] Invoking command in '/home/karthik/ros2_ws/build/my_robot_interfaces': CMAKE_PREFIX_PATH=${CMAKE_PREFIX_PATH}:/home/karthik/ros2_ws/install/my_py_pkg:/opt/ros/foxy /usr/bin/cmake --install /home/karthik/ros2_ws/build/my_robot_interfaces
[0.333s] -- Install configuration: ""
[0.333s] -- Up-to-date: /home/karthik/ros2_ws/install/my_robot_interfaces/share/ament_index/resource_index/rosidl_interfaces/my_robot_interfaces
[0.334s] -- Up-to-date: /home/karthik/ros2_ws/install/my_robot_interfaces/include/my_robot_interfaces
[0.334s] -- Up-to-date: /home/karthik/ros2_ws/install/my_robot_interfaces/include/my_robot_interfaces/msg
[0.334s] -- Up-to-date: /home/karthik/ros2_ws/install/my_robot_interfaces/include/my_robot_interfaces/msg/detail
[0.334s] -- Up-to-date: /home/karthik/ros2_ws/install/my_robot_interfaces/include/my_robot_interfaces/msg/detail/led_state_array__type_support.h
[0.334s] -- Up-to-date: /home/karthik/ros2_ws/install/my_robot_interfaces/include/my_robot_interfaces/msg/detail/hardware_status__type_support.h
[0.334s] -- Up-to-date: /home/karthik/ros2_ws/install/my_robot_interfaces/include/my_robot_interfaces/msg/detail/led_state_array__functions.c
[0.335s] -- Up-to-date: /home/karthik/ros2_ws/install/my_robot_interfaces/include/my_robot_interfaces/msg/detail/hardware_status__functions.c
[0.335s] -- Up-to-date: /home/karthik/ros2_ws/install/my_robot_interfaces/include/my_robot_interfaces/msg/detail/hardware_status__functions.h
[0.335s] -- Up-to-date: /home/karthik/ros2_ws/install/my_robot_interfaces/include/my_robot_interfaces/msg/detail/hardware_status__struct.h
[0.335s] -- Up-to-date: /home/karthik/ros2_ws/install/my_robot_interfaces/include/my_robot_interfaces/msg/detail/led_state_array__functions.h
[0.335s] -- Up-to-date: /home/karthik/ros2_ws/install/my_robot_interfaces/include/my_robot_interfaces/msg/detail/led_state_array__struct.h
[0.335s] -- Up-to-date: /home/karthik/ros2_ws/install/my_robot_interfaces/include/my_robot_interfaces/msg/rosidl_generator_c__visibility_control.h
[0.335s] -- Up-to-date: /home/karthik/ros2_ws/install/my_robot_interfaces/include/my_robot_interfaces/msg/hardware_status.h
[0.336s] -- Up-to-date: /home/karthik/ros2_ws/install/my_robot_interfaces/include/my_robot_interfaces/msg/led_state_array.h
[0.336s] -- Up-to-date: /home/karthik/ros2_ws/install/my_robot_interfaces/include/my_robot_interfaces/srv
[0.336s] -- Up-to-date: /home/karthik/ros2_ws/install/my_robot_interfaces/include/my_robot_interfaces/srv/set_led.h
[0.336s] -- Up-to-date: /home/karthik/ros2_ws/install/my_robot_interfaces/include/my_robot_interfaces/srv/detail
[0.336s] -- Up-to-date: /home/karthik/ros2_ws/install/my_robot_interfaces/include/my_robot_interfaces/srv/detail/set_led__functions.h
[0.336s] -- Up-to-date: /home/karthik/ros2_ws/install/my_robot_interfaces/include/my_robot_interfaces/srv/detail/compute_rectangle_area__functions.c
[0.337s] -- Up-to-date: /home/karthik/ros2_ws/install/my_robot_interfaces/include/my_robot_interfaces/srv/detail/set_led__type_support.h
[0.337s] -- Up-to-date: /home/karthik/ros2_ws/install/my_robot_interfaces/include/my_robot_interfaces/srv/detail/compute_rectangle_area__type_support.h
[0.337s] -- Up-to-date: /home/karthik/ros2_ws/install/my_robot_interfaces/include/my_robot_interfaces/srv/detail/set_led__functions.c
[0.337s] -- Up-to-date: /home/karthik/ros2_ws/install/my_robot_interfaces/include/my_robot_interfaces/srv/detail/compute_rectangle_area__struct.h
[0.337s] -- Up-to-date: /home/karthik/ros2_ws/install/my_robot_interfaces/include/my_robot_interfaces/srv/detail/set_led__struct.h
[0.337s] -- Up-to-date: /home/karthik/ros2_ws/install/my_robot_interfaces/include/my_robot_interfaces/srv/detail/compute_rectangle_area__functions.h
[0.337s] -- Up-to-date: /home/karthik/ros2_ws/install/my_robot_interfaces/include/my_robot_interfaces/srv/compute_rectangle_area.h
[0.338s] -- Up-to-date: /home/karthik/ros2_ws/install/my_robot_interfaces/share/my_robot_interfaces/environment/library_path.sh
[0.338s] -- Up-to-date: /home/karthik/ros2_ws/install/my_robot_interfaces/share/my_robot_interfaces/environment/library_path.dsv
[0.338s] -- Up-to-date: /home/karthik/ros2_ws/install/my_robot_interfaces/lib/libmy_robot_interfaces__rosidl_generator_c.so
[0.338s] -- Up-to-date: /home/karthik/ros2_ws/install/my_robot_interfaces/include/my_robot_interfaces
[0.338s] -- Up-to-date: /home/karthik/ros2_ws/install/my_robot_interfaces/include/my_robot_interfaces/msg
[0.338s] -- Up-to-date: /home/karthik/ros2_ws/install/my_robot_interfaces/include/my_robot_interfaces/msg/rosidl_typesupport_fastrtps_c__visibility_control.h
[0.338s] -- Up-to-date: /home/karthik/ros2_ws/install/my_robot_interfaces/include/my_robot_interfaces/msg/detail
[0.338s] -- Up-to-date: /home/karthik/ros2_ws/install/my_robot_interfaces/include/my_robot_interfaces/msg/detail/hardware_status__rosidl_typesupport_fastrtps_c.h
[0.339s] -- Up-to-date: /home/karthik/ros2_ws/install/my_robot_interfaces/include/my_robot_interfaces/msg/detail/led_state_array__rosidl_typesupport_fastrtps_c.h
[0.339s] -- Up-to-date: /home/karthik/ros2_ws/install/my_robot_interfaces/include/my_robot_interfaces/srv
[0.339s] -- Up-to-date: /home/karthik/ros2_ws/install/my_robot_interfaces/include/my_robot_interfaces/srv/detail
[0.339s] -- Up-to-date: /home/karthik/ros2_ws/install/my_robot_interfaces/include/my_robot_interfaces/srv/detail/set_led__rosidl_typesupport_fastrtps_c.h
[0.339s] -- Up-to-date: /home/karthik/ros2_ws/install/my_robot_interfaces/include/my_robot_interfaces/srv/detail/compute_rectangle_area__rosidl_typesupport_fastrtps_c.h
[0.339s] -- Up-to-date: /home/karthik/ros2_ws/install/my_robot_interfaces/lib/libmy_robot_interfaces__rosidl_typesupport_fastrtps_c.so
[0.340s] -- Up-to-date: /home/karthik/ros2_ws/install/my_robot_interfaces/include/my_robot_interfaces
[0.340s] -- Up-to-date: /home/karthik/ros2_ws/install/my_robot_interfaces/include/my_robot_interfaces/msg
[0.340s] -- Up-to-date: /home/karthik/ros2_ws/install/my_robot_interfaces/include/my_robot_interfaces/msg/rosidl_typesupport_fastrtps_cpp__visibility_control.h
[0.340s] -- Up-to-date: /home/karthik/ros2_ws/install/my_robot_interfaces/include/my_robot_interfaces/msg/detail
[0.340s] -- Up-to-date: /home/karthik/ros2_ws/install/my_robot_interfaces/include/my_robot_interfaces/msg/detail/dds_fastrtps
[0.340s] -- Up-to-date: /home/karthik/ros2_ws/install/my_robot_interfaces/include/my_robot_interfaces/msg/detail/hardware_status__rosidl_typesupport_fastrtps_cpp.hpp
[0.340s] -- Up-to-date: /home/karthik/ros2_ws/install/my_robot_interfaces/include/my_robot_interfaces/msg/detail/led_state_array__rosidl_typesupport_fastrtps_cpp.hpp
[0.340s] -- Up-to-date: /home/karthik/ros2_ws/install/my_robot_interfaces/include/my_robot_interfaces/srv
[0.341s] -- Up-to-date: /home/karthik/ros2_ws/install/my_robot_interfaces/include/my_robot_interfaces/srv/detail
[0.341s] -- Up-to-date: /home/karthik/ros2_ws/install/my_robot_interfaces/include/my_robot_interfaces/srv/detail/compute_rectangle_area__rosidl_typesupport_fastrtps_cpp.hpp
[0.341s] -- Up-to-date: /home/karthik/ros2_ws/install/my_robot_interfaces/include/my_robot_interfaces/srv/detail/dds_fastrtps
[0.341s] -- Up-to-date: /home/karthik/ros2_ws/install/my_robot_interfaces/include/my_robot_interfaces/srv/detail/set_led__rosidl_typesupport_fastrtps_cpp.hpp
[0.341s] -- Up-to-date: /home/karthik/ros2_ws/install/my_robot_interfaces/lib/libmy_robot_interfaces__rosidl_typesupport_fastrtps_cpp.so
[0.341s] -- Up-to-date: /home/karthik/ros2_ws/install/my_robot_interfaces/include/my_robot_interfaces
[0.341s] -- Up-to-date: /home/karthik/ros2_ws/install/my_robot_interfaces/include/my_robot_interfaces/msg
[0.342s] -- Up-to-date: /home/karthik/ros2_ws/install/my_robot_interfaces/include/my_robot_interfaces/msg/detail
[0.342s] -- Up-to-date: /home/karthik/ros2_ws/install/my_robot_interfaces/include/my_robot_interfaces/msg/detail/hardware_status__rosidl_typesupport_introspection_c.h
[0.342s] -- Up-to-date: /home/karthik/ros2_ws/install/my_robot_interfaces/include/my_robot_interfaces/msg/detail/hardware_status__type_support.c
[0.342s] -- Up-to-date: /home/karthik/ros2_ws/install/my_robot_interfaces/include/my_robot_interfaces/msg/detail/led_state_array__type_support.c
[0.342s] -- Up-to-date: /home/karthik/ros2_ws/install/my_robot_interfaces/include/my_robot_interfaces/msg/detail/led_state_array__rosidl_typesupport_introspection_c.h
[0.342s] -- Up-to-date: /home/karthik/ros2_ws/install/my_robot_interfaces/include/my_robot_interfaces/msg/rosidl_typesupport_introspection_c__visibility_control.h
[0.342s] -- Up-to-date: /home/karthik/ros2_ws/install/my_robot_interfaces/include/my_robot_interfaces/srv
[0.342s] -- Up-to-date: /home/karthik/ros2_ws/install/my_robot_interfaces/include/my_robot_interfaces/srv/detail
[0.342s] -- Up-to-date: /home/karthik/ros2_ws/install/my_robot_interfaces/include/my_robot_interfaces/srv/detail/set_led__type_support.c
[0.342s] -- Up-to-date: /home/karthik/ros2_ws/install/my_robot_interfaces/include/my_robot_interfaces/srv/detail/set_led__rosidl_typesupport_introspection_c.h
[0.342s] -- Up-to-date: /home/karthik/ros2_ws/install/my_robot_interfaces/include/my_robot_interfaces/srv/detail/compute_rectangle_area__type_support.c
[0.342s] -- Up-to-date: /home/karthik/ros2_ws/install/my_robot_interfaces/include/my_robot_interfaces/srv/detail/compute_rectangle_area__rosidl_typesupport_introspection_c.h
[0.343s] -- Up-to-date: /home/karthik/ros2_ws/install/my_robot_interfaces/lib/libmy_robot_interfaces__rosidl_typesupport_introspection_c.so
[0.343s] -- Up-to-date: /home/karthik/ros2_ws/install/my_robot_interfaces/lib/libmy_robot_interfaces__rosidl_typesupport_c.so
[0.343s] -- Up-to-date: /home/karthik/ros2_ws/install/my_robot_interfaces/include/my_robot_interfaces
[0.343s] -- Up-to-date: /home/karthik/ros2_ws/install/my_robot_interfaces/include/my_robot_interfaces/msg
[0.343s] -- Up-to-date: /home/karthik/ros2_ws/install/my_robot_interfaces/include/my_robot_interfaces/msg/hardware_status.hpp
[0.343s] -- Up-to-date: /home/karthik/ros2_ws/install/my_robot_interfaces/include/my_robot_interfaces/msg/detail
[0.343s] -- Up-to-date: /home/karthik/ros2_ws/install/my_robot_interfaces/include/my_robot_interfaces/msg/detail/led_state_array__traits.hpp
[0.343s] -- Up-to-date: /home/karthik/ros2_ws/install/my_robot_interfaces/include/my_robot_interfaces/msg/detail/hardware_status__builder.hpp
[0.343s] -- Up-to-date: /home/karthik/ros2_ws/install/my_robot_interfaces/include/my_robot_interfaces/msg/detail/hardware_status__struct.hpp
[0.343s] -- Up-to-date: /home/karthik/ros2_ws/install/my_robot_interfaces/include/my_robot_interfaces/msg/detail/hardware_status__traits.hpp
[0.343s] -- Up-to-date: /home/karthik/ros2_ws/install/my_robot_interfaces/include/my_robot_interfaces/msg/detail/led_state_array__struct.hpp
[0.343s] -- Up-to-date: /home/karthik/ros2_ws/install/my_robot_interfaces/include/my_robot_interfaces/msg/detail/led_state_array__builder.hpp
[0.343s] -- Up-to-date: /home/karthik/ros2_ws/install/my_robot_interfaces/include/my_robot_interfaces/msg/led_state_array.hpp
[0.343s] -- Up-to-date: /home/karthik/ros2_ws/install/my_robot_interfaces/include/my_robot_interfaces/srv
[0.343s] -- Up-to-date: /home/karthik/ros2_ws/install/my_robot_interfaces/include/my_robot_interfaces/srv/detail
[0.343s] -- Up-to-date: /home/karthik/ros2_ws/install/my_robot_interfaces/include/my_robot_interfaces/srv/detail/compute_rectangle_area__struct.hpp
[0.343s] -- Up-to-date: /home/karthik/ros2_ws/install/my_robot_interfaces/include/my_robot_interfaces/srv/detail/compute_rectangle_area__traits.hpp
[0.343s] -- Up-to-date: /home/karthik/ros2_ws/install/my_robot_interfaces/include/my_robot_interfaces/srv/detail/set_led__struct.hpp
[0.344s] -- Up-to-date: /home/karthik/ros2_ws/install/my_robot_interfaces/include/my_robot_interfaces/srv/detail/set_led__traits.hpp
[0.344s] -- Up-to-date: /home/karthik/ros2_ws/install/my_robot_interfaces/include/my_robot_interfaces/srv/detail/set_led__builder.hpp
[0.344s] -- Up-to-date: /home/karthik/ros2_ws/install/my_robot_interfaces/include/my_robot_interfaces/srv/detail/compute_rectangle_area__builder.hpp
[0.344s] -- Up-to-date: /home/karthik/ros2_ws/install/my_robot_interfaces/include/my_robot_interfaces/srv/set_led.hpp
[0.344s] -- Up-to-date: /home/karthik/ros2_ws/install/my_robot_interfaces/include/my_robot_interfaces/srv/compute_rectangle_area.hpp
[0.344s] -- Up-to-date: /home/karthik/ros2_ws/install/my_robot_interfaces/include/my_robot_interfaces
[0.344s] -- Up-to-date: /home/karthik/ros2_ws/install/my_robot_interfaces/include/my_robot_interfaces/msg
[0.344s] -- Up-to-date: /home/karthik/ros2_ws/install/my_robot_interfaces/include/my_robot_interfaces/msg/detail
[0.344s] -- Up-to-date: /home/karthik/ros2_ws/install/my_robot_interfaces/include/my_robot_interfaces/msg/detail/hardware_status__type_support.cpp
[0.344s] -- Up-to-date: /home/karthik/ros2_ws/install/my_robot_interfaces/include/my_robot_interfaces/msg/detail/led_state_array__rosidl_typesupport_introspection_cpp.hpp
[0.344s] -- Up-to-date: /home/karthik/ros2_ws/install/my_robot_interfaces/include/my_robot_interfaces/msg/detail/hardware_status__rosidl_typesupport_introspection_cpp.hpp
[0.344s] -- Up-to-date: /home/karthik/ros2_ws/install/my_robot_interfaces/include/my_robot_interfaces/msg/detail/led_state_array__type_support.cpp
[0.344s] -- Up-to-date: /home/karthik/ros2_ws/install/my_robot_interfaces/include/my_robot_interfaces/srv
[0.344s] -- Up-to-date: /home/karthik/ros2_ws/install/my_robot_interfaces/include/my_robot_interfaces/srv/detail
[0.344s] -- Up-to-date: /home/karthik/ros2_ws/install/my_robot_interfaces/include/my_robot_interfaces/srv/detail/compute_rectangle_area__type_support.cpp
[0.344s] -- Up-to-date: /home/karthik/ros2_ws/install/my_robot_interfaces/include/my_robot_interfaces/srv/detail/set_led__rosidl_typesupport_introspection_cpp.hpp
[0.344s] -- Up-to-date: /home/karthik/ros2_ws/install/my_robot_interfaces/include/my_robot_interfaces/srv/detail/compute_rectangle_area__rosidl_typesupport_introspection_cpp.hpp
[0.344s] -- Up-to-date: /home/karthik/ros2_ws/install/my_robot_interfaces/include/my_robot_interfaces/srv/detail/set_led__type_support.cpp
[0.345s] -- Up-to-date: /home/karthik/ros2_ws/install/my_robot_interfaces/lib/libmy_robot_interfaces__rosidl_typesupport_introspection_cpp.so
[0.345s] -- Up-to-date: /home/karthik/ros2_ws/install/my_robot_interfaces/lib/libmy_robot_interfaces__rosidl_typesupport_cpp.so
[0.345s] -- Up-to-date: /home/karthik/ros2_ws/install/my_robot_interfaces/share/my_robot_interfaces/environment/pythonpath.sh
[0.345s] -- Up-to-date: /home/karthik/ros2_ws/install/my_robot_interfaces/share/my_robot_interfaces/environment/pythonpath.dsv
[0.345s] -- Up-to-date: /home/karthik/ros2_ws/install/my_robot_interfaces/lib/python3.8/site-packages/my_robot_interfaces/__init__.py
[0.371s] -- Up-to-date: /home/karthik/ros2_ws/install/my_robot_interfaces/lib/python3.8/site-packages/my_robot_interfaces/msg
[0.371s] -- Up-to-date: /home/karthik/ros2_ws/install/my_robot_interfaces/lib/python3.8/site-packages/my_robot_interfaces/msg/_hardware_status.py
[0.371s] -- Up-to-date: /home/karthik/ros2_ws/install/my_robot_interfaces/lib/python3.8/site-packages/my_robot_interfaces/msg/_led_state_array_s.c
[0.371s] -- Up-to-date: /home/karthik/ros2_ws/install/my_robot_interfaces/lib/python3.8/site-packages/my_robot_interfaces/msg/_hardware_status_s.c
[0.372s] -- Up-to-date: /home/karthik/ros2_ws/install/my_robot_interfaces/lib/python3.8/site-packages/my_robot_interfaces/msg/_led_state_array.py
[0.372s] -- Up-to-date: /home/karthik/ros2_ws/install/my_robot_interfaces/lib/python3.8/site-packages/my_robot_interfaces/msg/__init__.py
[0.372s] -- Up-to-date: /home/karthik/ros2_ws/install/my_robot_interfaces/lib/python3.8/site-packages/my_robot_interfaces/srv
[0.372s] -- Up-to-date: /home/karthik/ros2_ws/install/my_robot_interfaces/lib/python3.8/site-packages/my_robot_interfaces/srv/_set_led_s.c
[0.372s] -- Up-to-date: /home/karthik/ros2_ws/install/my_robot_interfaces/lib/python3.8/site-packages/my_robot_interfaces/srv/_set_led.py
[0.372s] -- Up-to-date: /home/karthik/ros2_ws/install/my_robot_interfaces/lib/python3.8/site-packages/my_robot_interfaces/srv/_compute_rectangle_area_s.c
[0.372s] -- Up-to-date: /home/karthik/ros2_ws/install/my_robot_interfaces/lib/python3.8/site-packages/my_robot_interfaces/srv/_compute_rectangle_area.py
[0.372s] -- Up-to-date: /home/karthik/ros2_ws/install/my_robot_interfaces/lib/python3.8/site-packages/my_robot_interfaces/srv/__init__.py
[0.372s] -- Up-to-date: /home/karthik/ros2_ws/install/my_robot_interfaces/lib/python3.8/site-packages/my_robot_interfaces/my_robot_interfaces_s__rosidl_typesupport_fastrtps_c.cpython-38-x86_64-linux-gnu.so
[0.373s] -- Up-to-date: /home/karthik/ros2_ws/install/my_robot_interfaces/lib/python3.8/site-packages/my_robot_interfaces/my_robot_interfaces_s__rosidl_typesupport_introspection_c.cpython-38-x86_64-linux-gnu.so
[0.373s] -- Up-to-date: /home/karthik/ros2_ws/install/my_robot_interfaces/lib/python3.8/site-packages/my_robot_interfaces/my_robot_interfaces_s__rosidl_typesupport_c.cpython-38-x86_64-linux-gnu.so
[0.374s] -- Up-to-date: /home/karthik/ros2_ws/install/my_robot_interfaces/lib/libmy_robot_interfaces__python.so
[0.374s] -- Up-to-date: /home/karthik/ros2_ws/install/my_robot_interfaces/share/my_robot_interfaces/msg/HardwareStatus.idl
[0.374s] -- Up-to-date: /home/karthik/ros2_ws/install/my_robot_interfaces/share/my_robot_interfaces/msg/LedStateArray.idl
[0.375s] -- Up-to-date: /home/karthik/ros2_ws/install/my_robot_interfaces/share/my_robot_interfaces/srv/ComputeRectangleArea.idl
[0.375s] -- Up-to-date: /home/karthik/ros2_ws/install/my_robot_interfaces/share/my_robot_interfaces/srv/SetLed.idl
[0.375s] -- Up-to-date: /home/karthik/ros2_ws/install/my_robot_interfaces/share/my_robot_interfaces/msg/HardwareStatus.msg
[0.375s] -- Up-to-date: /home/karthik/ros2_ws/install/my_robot_interfaces/share/my_robot_interfaces/msg/LedStateArray.msg
[0.375s] -- Up-to-date: /home/karthik/ros2_ws/install/my_robot_interfaces/share/my_robot_interfaces/srv/ComputeRectangleArea.srv
[0.375s] -- Up-to-date: /home/karthik/ros2_ws/install/my_robot_interfaces/share/my_robot_interfaces/srv/ComputeRectangleArea_Request.msg
[0.375s] -- Up-to-date: /home/karthik/ros2_ws/install/my_robot_interfaces/share/my_robot_interfaces/srv/ComputeRectangleArea_Response.msg
[0.376s] -- Up-to-date: /home/karthik/ros2_ws/install/my_robot_interfaces/share/my_robot_interfaces/srv/SetLed.srv
[0.376s] -- Up-to-date: /home/karthik/ros2_ws/install/my_robot_interfaces/share/my_robot_interfaces/srv/SetLed_Request.msg
[0.376s] -- Up-to-date: /home/karthik/ros2_ws/install/my_robot_interfaces/share/my_robot_interfaces/srv/SetLed_Response.msg
[0.376s] -- Up-to-date: /home/karthik/ros2_ws/install/my_robot_interfaces/share/ament_index/resource_index/package_run_dependencies/my_robot_interfaces
[0.376s] -- Up-to-date: /home/karthik/ros2_ws/install/my_robot_interfaces/share/ament_index/resource_index/parent_prefix_path/my_robot_interfaces
[0.376s] -- Up-to-date: /home/karthik/ros2_ws/install/my_robot_interfaces/share/my_robot_interfaces/environment/ament_prefix_path.sh
[0.376s] -- Up-to-date: /home/karthik/ros2_ws/install/my_robot_interfaces/share/my_robot_interfaces/environment/ament_prefix_path.dsv
[0.376s] -- Up-to-date: /home/karthik/ros2_ws/install/my_robot_interfaces/share/my_robot_interfaces/environment/path.sh
[0.377s] -- Up-to-date: /home/karthik/ros2_ws/install/my_robot_interfaces/share/my_robot_interfaces/environment/path.dsv
[0.377s] -- Up-to-date: /home/karthik/ros2_ws/install/my_robot_interfaces/share/my_robot_interfaces/local_setup.bash
[0.377s] -- Up-to-date: /home/karthik/ros2_ws/install/my_robot_interfaces/share/my_robot_interfaces/local_setup.sh
[0.377s] -- Up-to-date: /home/karthik/ros2_ws/install/my_robot_interfaces/share/my_robot_interfaces/local_setup.zsh
[0.377s] -- Up-to-date: /home/karthik/ros2_ws/install/my_robot_interfaces/share/my_robot_interfaces/local_setup.dsv
[0.377s] -- Installing: /home/karthik/ros2_ws/install/my_robot_interfaces/share/my_robot_interfaces/package.dsv
[0.377s] -- Up-to-date: /home/karthik/ros2_ws/install/my_robot_interfaces/share/ament_index/resource_index/packages/my_robot_interfaces
[0.377s] -- Up-to-date: /home/karthik/ros2_ws/install/my_robot_interfaces/share/my_robot_interfaces/cmake/my_robot_interfaces__rosidl_generator_cExport.cmake
[0.378s] -- Up-to-date: /home/karthik/ros2_ws/install/my_robot_interfaces/share/my_robot_interfaces/cmake/my_robot_interfaces__rosidl_generator_cExport-noconfig.cmake
[0.378s] -- Up-to-date: /home/karthik/ros2_ws/install/my_robot_interfaces/share/my_robot_interfaces/cmake/my_robot_interfaces__rosidl_typesupport_introspection_cExport.cmake
[0.378s] -- Up-to-date: /home/karthik/ros2_ws/install/my_robot_interfaces/share/my_robot_interfaces/cmake/my_robot_interfaces__rosidl_typesupport_introspection_cExport-noconfig.cmake
[0.378s] -- Up-to-date: /home/karthik/ros2_ws/install/my_robot_interfaces/share/my_robot_interfaces/cmake/my_robot_interfaces__rosidl_typesupport_cExport.cmake
[0.378s] -- Up-to-date: /home/karthik/ros2_ws/install/my_robot_interfaces/share/my_robot_interfaces/cmake/my_robot_interfaces__rosidl_typesupport_cExport-noconfig.cmake
[0.378s] -- Up-to-date: /home/karthik/ros2_ws/install/my_robot_interfaces/share/my_robot_interfaces/cmake/my_robot_interfaces__rosidl_generator_cppExport.cmake
[0.378s] -- Up-to-date: /home/karthik/ros2_ws/install/my_robot_interfaces/share/my_robot_interfaces/cmake/my_robot_interfaces__rosidl_typesupport_introspection_cppExport.cmake
[0.379s] -- Up-to-date: /home/karthik/ros2_ws/install/my_robot_interfaces/share/my_robot_interfaces/cmake/my_robot_interfaces__rosidl_typesupport_introspection_cppExport-noconfig.cmake
[0.379s] -- Up-to-date: /home/karthik/ros2_ws/install/my_robot_interfaces/share/my_robot_interfaces/cmake/my_robot_interfaces__rosidl_typesupport_cppExport.cmake
[0.379s] -- Up-to-date: /home/karthik/ros2_ws/install/my_robot_interfaces/share/my_robot_interfaces/cmake/my_robot_interfaces__rosidl_typesupport_cppExport-noconfig.cmake
[0.379s] -- Up-to-date: /home/karthik/ros2_ws/install/my_robot_interfaces/share/my_robot_interfaces/cmake/rosidl_cmake-extras.cmake
[0.379s] -- Up-to-date: /home/karthik/ros2_ws/install/my_robot_interfaces/share/my_robot_interfaces/cmake/ament_cmake_export_dependencies-extras.cmake
[0.379s] -- Up-to-date: /home/karthik/ros2_ws/install/my_robot_interfaces/share/my_robot_interfaces/cmake/ament_cmake_export_libraries-extras.cmake
[0.379s] -- Up-to-date: /home/karthik/ros2_ws/install/my_robot_interfaces/share/my_robot_interfaces/cmake/ament_cmake_export_targets-extras.cmake
[0.379s] -- Up-to-date: /home/karthik/ros2_ws/install/my_robot_interfaces/share/my_robot_interfaces/cmake/ament_cmake_export_include_directories-extras.cmake
[0.380s] -- Up-to-date: /home/karthik/ros2_ws/install/my_robot_interfaces/share/my_robot_interfaces/cmake/rosidl_cmake_export_typesupport_libraries-extras.cmake
[0.380s] -- Up-to-date: /home/karthik/ros2_ws/install/my_robot_interfaces/share/my_robot_interfaces/cmake/rosidl_cmake_export_typesupport_targets-extras.cmake
[0.380s] -- Up-to-date: /home/karthik/ros2_ws/install/my_robot_interfaces/share/my_robot_interfaces/cmake/my_robot_interfacesConfig.cmake
[0.380s] -- Up-to-date: /home/karthik/ros2_ws/install/my_robot_interfaces/share/my_robot_interfaces/cmake/my_robot_interfacesConfig-version.cmake
[0.380s] -- Up-to-date: /home/karthik/ros2_ws/install/my_robot_interfaces/share/my_robot_interfaces/package.xml
[0.382s] Invoked command in '/home/karthik/ros2_ws/build/my_robot_interfaces' returned '0': CMAKE_PREFIX_PATH=${CMAKE_PREFIX_PATH}:/home/karthik/ros2_ws/install/my_py_pkg:/opt/ros/foxy /usr/bin/cmake --install /home/karthik/ros2_ws/build/my_robot_interfaces
