[0.013s] Invoking command in '/home/karthik/ros2_ws/build/my_robot_interfaces': CMAKE_PREFIX_PATH=${CMAKE_PREFIX_PATH}:/home/karthik/ros2_ws/install/my_py_pkg:/opt/ros/foxy /usr/bin/cmake --build /home/karthik/ros2_ws/build/my_robot_interfaces -- -j8 -l8
[0.061s] [  1%] Built target my_robot_interfaces__cpp
[0.061s] [ 12%] Built target my_robot_interfaces__rosidl_generator_c
[0.083s] [ 23%] Built target my_robot_interfaces__rosidl_typesupport_introspection_c
[0.084s] [ 34%] Built target my_robot_interfaces__rosidl_typesupport_introspection_cpp
[0.085s] [ 50%] Built target my_robot_interfaces__rosidl_typesupport_cpp
[0.085s] [ 56%] Built target my_robot_interfaces__rosidl_typesupport_c
[0.087s] [ 67%] Built target my_robot_interfaces__rosidl_typesupport_fastrtps_cpp
[0.111s] [ 78%] Built target my_robot_interfaces__rosidl_typesupport_fastrtps_c
[0.129s] [ 78%] Built target my_robot_interfaces
[0.148s] [ 80%] Built target my_robot_interfaces__py
[0.172s] [ 89%] Built target my_robot_interfaces__python
[0.195s] [100%] Built target my_robot_interfaces__rosidl_typesupport_introspection_c__pyext
[0.195s] [100%] Built target my_robot_interfaces__rosidl_typesupport_fastrtps_c__pyext
[0.195s] [100%] Built target my_robot_interfaces__rosidl_typesupport_c__pyext
[0.206s] Invoked command in '/home/karthik/ros2_ws/build/my_robot_interfaces' returned '0': CMAKE_PREFIX_PATH=${CMAKE_PREFIX_PATH}:/home/karthik/ros2_ws/install/my_py_pkg:/opt/ros/foxy /usr/bin/cmake --build /home/karthik/ros2_ws/build/my_robot_interfaces -- -j8 -l8
[0.292s] Invoking command in '/home/karthik/ros2_ws/build/my_robot_interfaces': CMAKE_PREFIX_PATH=${CMAKE_PREFIX_PATH}:/home/karthik/ros2_ws/install/my_py_pkg:/opt/ros/foxy /usr/bin/cmake --install /home/karthik/ros2_ws/build/my_robot_interfaces
[0.302s] -- Install configuration: ""
[0.302s] -- Up-to-date: /home/karthik/ros2_ws/install/my_robot_interfaces/share/ament_index/resource_index/rosidl_interfaces/my_robot_interfaces
[0.302s] -- Up-to-date: /home/karthik/ros2_ws/install/my_robot_interfaces/include/my_robot_interfaces
[0.302s] -- Up-to-date: /home/karthik/ros2_ws/install/my_robot_interfaces/include/my_robot_interfaces/msg
[0.302s] -- Up-to-date: /home/karthik/ros2_ws/install/my_robot_interfaces/include/my_robot_interfaces/msg/detail
[0.303s] -- Up-to-date: /home/karthik/ros2_ws/install/my_robot_interfaces/include/my_robot_interfaces/msg/detail/led_state_array__type_support.h
[0.303s] -- Up-to-date: /home/karthik/ros2_ws/install/my_robot_interfaces/include/my_robot_interfaces/msg/detail/hardware_status__type_support.h
[0.303s] -- Up-to-date: /home/karthik/ros2_ws/install/my_robot_interfaces/include/my_robot_interfaces/msg/detail/led_state_array__functions.c
[0.303s] -- Up-to-date: /home/karthik/ros2_ws/install/my_robot_interfaces/include/my_robot_interfaces/msg/detail/hardware_status__functions.c
[0.303s] -- Up-to-date: /home/karthik/ros2_ws/install/my_robot_interfaces/include/my_robot_interfaces/msg/detail/hardware_status__functions.h
[0.303s] -- Up-to-date: /home/karthik/ros2_ws/install/my_robot_interfaces/include/my_robot_interfaces/msg/detail/hardware_status__struct.h
[0.303s] -- Up-to-date: /home/karthik/ros2_ws/install/my_robot_interfaces/include/my_robot_interfaces/msg/detail/led_state_array__functions.h
[0.303s] -- Up-to-date: /home/karthik/ros2_ws/install/my_robot_interfaces/include/my_robot_interfaces/msg/detail/led_state_array__struct.h
[0.304s] -- Up-to-date: /home/karthik/ros2_ws/install/my_robot_interfaces/include/my_robot_interfaces/msg/rosidl_generator_c__visibility_control.h
[0.304s] -- Up-to-date: /home/karthik/ros2_ws/install/my_robot_interfaces/include/my_robot_interfaces/msg/hardware_status.h
[0.304s] -- Up-to-date: /home/karthik/ros2_ws/install/my_robot_interfaces/include/my_robot_interfaces/msg/led_state_array.h
[0.304s] -- Up-to-date: /home/karthik/ros2_ws/install/my_robot_interfaces/include/my_robot_interfaces/srv
[0.304s] -- Up-to-date: /home/karthik/ros2_ws/install/my_robot_interfaces/include/my_robot_interfaces/srv/set_led.h
[0.304s] -- Up-to-date: /home/karthik/ros2_ws/install/my_robot_interfaces/include/my_robot_interfaces/srv/detail
[0.304s] -- Up-to-date: /home/karthik/ros2_ws/install/my_robot_interfaces/include/my_robot_interfaces/srv/detail/set_led__functions.h
[0.304s] -- Up-to-date: /home/karthik/ros2_ws/install/my_robot_interfaces/include/my_robot_interfaces/srv/detail/compute_rectangle_area__functions.c
[0.304s] -- Up-to-date: /home/karthik/ros2_ws/install/my_robot_interfaces/include/my_robot_interfaces/srv/detail/set_led__type_support.h
[0.305s] -- Up-to-date: /home/karthik/ros2_ws/install/my_robot_interfaces/include/my_robot_interfaces/srv/detail/compute_rectangle_area__type_support.h
[0.305s] -- Up-to-date: /home/karthik/ros2_ws/install/my_robot_interfaces/include/my_robot_interfaces/srv/detail/set_led__functions.c
[0.305s] -- Up-to-date: /home/karthik/ros2_ws/install/my_robot_interfaces/include/my_robot_interfaces/srv/detail/compute_rectangle_area__struct.h
[0.305s] -- Up-to-date: /home/karthik/ros2_ws/install/my_robot_interfaces/include/my_robot_interfaces/srv/detail/set_led__struct.h
[0.305s] -- Up-to-date: /home/karthik/ros2_ws/install/my_robot_interfaces/include/my_robot_interfaces/srv/detail/compute_rectangle_area__functions.h
[0.305s] -- Up-to-date: /home/karthik/ros2_ws/install/my_robot_interfaces/include/my_robot_interfaces/srv/compute_rectangle_area.h
[0.305s] -- Up-to-date: /home/karthik/ros2_ws/install/my_robot_interfaces/share/my_robot_interfaces/environment/library_path.sh
[0.305s] -- Up-to-date: /home/karthik/ros2_ws/install/my_robot_interfaces/share/my_robot_interfaces/environment/library_path.dsv
[0.306s] -- Up-to-date: /home/karthik/ros2_ws/install/my_robot_interfaces/lib/libmy_robot_interfaces__rosidl_generator_c.so
[0.306s] -- Up-to-date: /home/karthik/ros2_ws/install/my_robot_interfaces/include/my_robot_interfaces
[0.306s] -- Up-to-date: /home/karthik/ros2_ws/install/my_robot_interfaces/include/my_robot_interfaces/msg
[0.306s] -- Up-to-date: /home/karthik/ros2_ws/install/my_robot_interfaces/include/my_robot_interfaces/msg/rosidl_typesupport_fastrtps_c__visibility_control.h
[0.306s] -- Up-to-date: /home/karthik/ros2_ws/install/my_robot_interfaces/include/my_robot_interfaces/msg/detail
[0.306s] -- Up-to-date: /home/karthik/ros2_ws/install/my_robot_interfaces/include/my_robot_interfaces/msg/detail/hardware_status__rosidl_typesupport_fastrtps_c.h
[0.306s] -- Up-to-date: /home/karthik/ros2_ws/install/my_robot_interfaces/include/my_robot_interfaces/msg/detail/led_state_array__rosidl_typesupport_fastrtps_c.h
[0.306s] -- Up-to-date: /home/karthik/ros2_ws/install/my_robot_interfaces/include/my_robot_interfaces/srv
[0.306s] -- Up-to-date: /home/karthik/ros2_ws/install/my_robot_interfaces/include/my_robot_interfaces/srv/detail
[0.307s] -- Up-to-date: /home/karthik/ros2_ws/install/my_robot_interfaces/include/my_robot_interfaces/srv/detail/set_led__rosidl_typesupport_fastrtps_c.h
[0.307s] -- Up-to-date: /home/karthik/ros2_ws/install/my_robot_interfaces/include/my_robot_interfaces/srv/detail/compute_rectangle_area__rosidl_typesupport_fastrtps_c.h
[0.307s] -- Up-to-date: /home/karthik/ros2_ws/install/my_robot_interfaces/lib/libmy_robot_interfaces__rosidl_typesupport_fastrtps_c.so
[0.307s] -- Up-to-date: /home/karthik/ros2_ws/install/my_robot_interfaces/include/my_robot_interfaces
[0.307s] -- Up-to-date: /home/karthik/ros2_ws/install/my_robot_interfaces/include/my_robot_interfaces/msg
[0.307s] -- Up-to-date: /home/karthik/ros2_ws/install/my_robot_interfaces/include/my_robot_interfaces/msg/rosidl_typesupport_fastrtps_cpp__visibility_control.h
[0.307s] -- Up-to-date: /home/karthik/ros2_ws/install/my_robot_interfaces/include/my_robot_interfaces/msg/detail
[0.308s] -- Up-to-date: /home/karthik/ros2_ws/install/my_robot_interfaces/include/my_robot_interfaces/msg/detail/dds_fastrtps
[0.308s] -- Up-to-date: /home/karthik/ros2_ws/install/my_robot_interfaces/include/my_robot_interfaces/msg/detail/hardware_status__rosidl_typesupport_fastrtps_cpp.hpp
[0.308s] -- Up-to-date: /home/karthik/ros2_ws/install/my_robot_interfaces/include/my_robot_interfaces/msg/detail/led_state_array__rosidl_typesupport_fastrtps_cpp.hpp
[0.308s] -- Up-to-date: /home/karthik/ros2_ws/install/my_robot_interfaces/include/my_robot_interfaces/srv
[0.308s] -- Up-to-date: /home/karthik/ros2_ws/install/my_robot_interfaces/include/my_robot_interfaces/srv/detail
[0.308s] -- Up-to-date: /home/karthik/ros2_ws/install/my_robot_interfaces/include/my_robot_interfaces/srv/detail/compute_rectangle_area__rosidl_typesupport_fastrtps_cpp.hpp
[0.308s] -- Up-to-date: /home/karthik/ros2_ws/install/my_robot_interfaces/include/my_robot_interfaces/srv/detail/dds_fastrtps
[0.308s] -- Up-to-date: /home/karthik/ros2_ws/install/my_robot_interfaces/include/my_robot_interfaces/srv/detail/set_led__rosidl_typesupport_fastrtps_cpp.hpp
[0.308s] -- Up-to-date: /home/karthik/ros2_ws/install/my_robot_interfaces/lib/libmy_robot_interfaces__rosidl_typesupport_fastrtps_cpp.so
[0.309s] -- Up-to-date: /home/karthik/ros2_ws/install/my_robot_interfaces/include/my_robot_interfaces
[0.309s] -- Up-to-date: /home/karthik/ros2_ws/install/my_robot_interfaces/include/my_robot_interfaces/msg
[0.309s] -- Up-to-date: /home/karthik/ros2_ws/install/my_robot_interfaces/include/my_robot_interfaces/msg/detail
[0.309s] -- Up-to-date: /home/karthik/ros2_ws/install/my_robot_interfaces/include/my_robot_interfaces/msg/detail/hardware_status__rosidl_typesupport_introspection_c.h
[0.309s] -- Up-to-date: /home/karthik/ros2_ws/install/my_robot_interfaces/include/my_robot_interfaces/msg/detail/hardware_status__type_support.c
[0.309s] -- Up-to-date: /home/karthik/ros2_ws/install/my_robot_interfaces/include/my_robot_interfaces/msg/detail/led_state_array__type_support.c
[0.309s] -- Up-to-date: /home/karthik/ros2_ws/install/my_robot_interfaces/include/my_robot_interfaces/msg/detail/led_state_array__rosidl_typesupport_introspection_c.h
[0.309s] -- Up-to-date: /home/karthik/ros2_ws/install/my_robot_interfaces/include/my_robot_interfaces/msg/rosidl_typesupport_introspection_c__visibility_control.h
[0.309s] -- Up-to-date: /home/karthik/ros2_ws/install/my_robot_interfaces/include/my_robot_interfaces/srv
[0.309s] -- Up-to-date: /home/karthik/ros2_ws/install/my_robot_interfaces/include/my_robot_interfaces/srv/detail
[0.310s] -- Up-to-date: /home/karthik/ros2_ws/install/my_robot_interfaces/include/my_robot_interfaces/srv/detail/set_led__type_support.c
[0.310s] -- Up-to-date: /home/karthik/ros2_ws/install/my_robot_interfaces/include/my_robot_interfaces/srv/detail/set_led__rosidl_typesupport_introspection_c.h
[0.310s] -- Up-to-date: /home/karthik/ros2_ws/install/my_robot_interfaces/include/my_robot_interfaces/srv/detail/compute_rectangle_area__type_support.c
[0.310s] -- Up-to-date: /home/karthik/ros2_ws/install/my_robot_interfaces/include/my_robot_interfaces/srv/detail/compute_rectangle_area__rosidl_typesupport_introspection_c.h
[0.310s] -- Up-to-date: /home/karthik/ros2_ws/install/my_robot_interfaces/lib/libmy_robot_interfaces__rosidl_typesupport_introspection_c.so
[0.310s] -- Up-to-date: /home/karthik/ros2_ws/install/my_robot_interfaces/lib/libmy_robot_interfaces__rosidl_typesupport_c.so
[0.310s] -- Up-to-date: /home/karthik/ros2_ws/install/my_robot_interfaces/include/my_robot_interfaces
[0.310s] -- Up-to-date: /home/karthik/ros2_ws/install/my_robot_interfaces/include/my_robot_interfaces/msg
[0.310s] -- Up-to-date: /home/karthik/ros2_ws/install/my_robot_interfaces/include/my_robot_interfaces/msg/hardware_status.hpp
[0.310s] -- Up-to-date: /home/karthik/ros2_ws/install/my_robot_interfaces/include/my_robot_interfaces/msg/detail
[0.310s] -- Up-to-date: /home/karthik/ros2_ws/install/my_robot_interfaces/include/my_robot_interfaces/msg/detail/led_state_array__traits.hpp
[0.311s] -- Up-to-date: /home/karthik/ros2_ws/install/my_robot_interfaces/include/my_robot_interfaces/msg/detail/hardware_status__builder.hpp
[0.311s] -- Up-to-date: /home/karthik/ros2_ws/install/my_robot_interfaces/include/my_robot_interfaces/msg/detail/hardware_status__struct.hpp
[0.311s] -- Up-to-date: /home/karthik/ros2_ws/install/my_robot_interfaces/include/my_robot_interfaces/msg/detail/hardware_status__traits.hpp
[0.311s] -- Up-to-date: /home/karthik/ros2_ws/install/my_robot_interfaces/include/my_robot_interfaces/msg/detail/led_state_array__struct.hpp
[0.311s] -- Up-to-date: /home/karthik/ros2_ws/install/my_robot_interfaces/include/my_robot_interfaces/msg/detail/led_state_array__builder.hpp
[0.311s] -- Up-to-date: /home/karthik/ros2_ws/install/my_robot_interfaces/include/my_robot_interfaces/msg/led_state_array.hpp
[0.311s] -- Up-to-date: /home/karthik/ros2_ws/install/my_robot_interfaces/include/my_robot_interfaces/srv
[0.311s] -- Up-to-date: /home/karthik/ros2_ws/install/my_robot_interfaces/include/my_robot_interfaces/srv/detail
[0.311s] -- Up-to-date: /home/karthik/ros2_ws/install/my_robot_interfaces/include/my_robot_interfaces/srv/detail/compute_rectangle_area__struct.hpp
[0.311s] -- Up-to-date: /home/karthik/ros2_ws/install/my_robot_interfaces/include/my_robot_interfaces/srv/detail/compute_rectangle_area__traits.hpp
[0.311s] -- Up-to-date: /home/karthik/ros2_ws/install/my_robot_interfaces/include/my_robot_interfaces/srv/detail/set_led__struct.hpp
[0.312s] -- Up-to-date: /home/karthik/ros2_ws/install/my_robot_interfaces/include/my_robot_interfaces/srv/detail/set_led__traits.hpp
[0.312s] -- Up-to-date: /home/karthik/ros2_ws/install/my_robot_interfaces/include/my_robot_interfaces/srv/detail/set_led__builder.hpp
[0.312s] -- Up-to-date: /home/karthik/ros2_ws/install/my_robot_interfaces/include/my_robot_interfaces/srv/detail/compute_rectangle_area__builder.hpp
[0.312s] -- Up-to-date: /home/karthik/ros2_ws/install/my_robot_interfaces/include/my_robot_interfaces/srv/set_led.hpp
[0.312s] -- Up-to-date: /home/karthik/ros2_ws/install/my_robot_interfaces/include/my_robot_interfaces/srv/compute_rectangle_area.hpp
[0.312s] -- Up-to-date: /home/karthik/ros2_ws/install/my_robot_interfaces/include/my_robot_interfaces
[0.312s] -- Up-to-date: /home/karthik/ros2_ws/install/my_robot_interfaces/include/my_robot_interfaces/msg
[0.312s] -- Up-to-date: /home/karthik/ros2_ws/install/my_robot_interfaces/include/my_robot_interfaces/msg/detail
[0.312s] -- Up-to-date: /home/karthik/ros2_ws/install/my_robot_interfaces/include/my_robot_interfaces/msg/detail/hardware_status__type_support.cpp
[0.312s] -- Up-to-date: /home/karthik/ros2_ws/install/my_robot_interfaces/include/my_robot_interfaces/msg/detail/led_state_array__rosidl_typesupport_introspection_cpp.hpp
[0.312s] -- Up-to-date: /home/karthik/ros2_ws/install/my_robot_interfaces/include/my_robot_interfaces/msg/detail/hardware_status__rosidl_typesupport_introspection_cpp.hpp
[0.312s] -- Up-to-date: /home/karthik/ros2_ws/install/my_robot_interfaces/include/my_robot_interfaces/msg/detail/led_state_array__type_support.cpp
[0.312s] -- Up-to-date: /home/karthik/ros2_ws/install/my_robot_interfaces/include/my_robot_interfaces/srv
[0.312s] -- Up-to-date: /home/karthik/ros2_ws/install/my_robot_interfaces/include/my_robot_interfaces/srv/detail
[0.312s] -- Up-to-date: /home/karthik/ros2_ws/install/my_robot_interfaces/include/my_robot_interfaces/srv/detail/compute_rectangle_area__type_support.cpp
[0.312s] -- Up-to-date: /home/karthik/ros2_ws/install/my_robot_interfaces/include/my_robot_interfaces/srv/detail/set_led__rosidl_typesupport_introspection_cpp.hpp
[0.313s] -- Up-to-date: /home/karthik/ros2_ws/install/my_robot_interfaces/include/my_robot_interfaces/srv/detail/compute_rectangle_area__rosidl_typesupport_introspection_cpp.hpp
[0.313s] -- Up-to-date: /home/karthik/ros2_ws/install/my_robot_interfaces/include/my_robot_interfaces/srv/detail/set_led__type_support.cpp
[0.313s] -- Up-to-date: /home/karthik/ros2_ws/install/my_robot_interfaces/lib/libmy_robot_interfaces__rosidl_typesupport_introspection_cpp.so
[0.313s] -- Up-to-date: /home/karthik/ros2_ws/install/my_robot_interfaces/lib/libmy_robot_interfaces__rosidl_typesupport_cpp.so
[0.313s] -- Up-to-date: /home/karthik/ros2_ws/install/my_robot_interfaces/share/my_robot_interfaces/environment/pythonpath.sh
[0.313s] -- Up-to-date: /home/karthik/ros2_ws/install/my_robot_interfaces/share/my_robot_interfaces/environment/pythonpath.dsv
[0.313s] -- Up-to-date: /home/karthik/ros2_ws/install/my_robot_interfaces/lib/python3.8/site-packages/my_robot_interfaces/__init__.py
[0.338s] -- Up-to-date: /home/karthik/ros2_ws/install/my_robot_interfaces/lib/python3.8/site-packages/my_robot_interfaces/msg
[0.339s] -- Up-to-date: /home/karthik/ros2_ws/install/my_robot_interfaces/lib/python3.8/site-packages/my_robot_interfaces/msg/_hardware_status.py
[0.339s] -- Up-to-date: /home/karthik/ros2_ws/install/my_robot_interfaces/lib/python3.8/site-packages/my_robot_interfaces/msg/_led_state_array_s.c
[0.339s] -- Up-to-date: /home/karthik/ros2_ws/install/my_robot_interfaces/lib/python3.8/site-packages/my_robot_interfaces/msg/_hardware_status_s.c
[0.339s] -- Up-to-date: /home/karthik/ros2_ws/install/my_robot_interfaces/lib/python3.8/site-packages/my_robot_interfaces/msg/_led_state_array.py
[0.339s] -- Up-to-date: /home/karthik/ros2_ws/install/my_robot_interfaces/lib/python3.8/site-packages/my_robot_interfaces/msg/__init__.py
[0.339s] -- Up-to-date: /home/karthik/ros2_ws/install/my_robot_interfaces/lib/python3.8/site-packages/my_robot_interfaces/srv
[0.339s] -- Up-to-date: /home/karthik/ros2_ws/install/my_robot_interfaces/lib/python3.8/site-packages/my_robot_interfaces/srv/_set_led_s.c
[0.339s] -- Up-to-date: /home/karthik/ros2_ws/install/my_robot_interfaces/lib/python3.8/site-packages/my_robot_interfaces/srv/_set_led.py
[0.339s] -- Up-to-date: /home/karthik/ros2_ws/install/my_robot_interfaces/lib/python3.8/site-packages/my_robot_interfaces/srv/_compute_rectangle_area_s.c
[0.340s] -- Up-to-date: /home/karthik/ros2_ws/install/my_robot_interfaces/lib/python3.8/site-packages/my_robot_interfaces/srv/_compute_rectangle_area.py
[0.340s] -- Up-to-date: /home/karthik/ros2_ws/install/my_robot_interfaces/lib/python3.8/site-packages/my_robot_interfaces/srv/__init__.py
[0.340s] -- Up-to-date: /home/karthik/ros2_ws/install/my_robot_interfaces/lib/python3.8/site-packages/my_robot_interfaces/my_robot_interfaces_s__rosidl_typesupport_fastrtps_c.cpython-38-x86_64-linux-gnu.so
[0.340s] -- Up-to-date: /home/karthik/ros2_ws/install/my_robot_interfaces/lib/python3.8/site-packages/my_robot_interfaces/my_robot_interfaces_s__rosidl_typesupport_introspection_c.cpython-38-x86_64-linux-gnu.so
[0.341s] -- Up-to-date: /home/karthik/ros2_ws/install/my_robot_interfaces/lib/python3.8/site-packages/my_robot_interfaces/my_robot_interfaces_s__rosidl_typesupport_c.cpython-38-x86_64-linux-gnu.so
[0.341s] -- Up-to-date: /home/karthik/ros2_ws/install/my_robot_interfaces/lib/libmy_robot_interfaces__python.so
[0.342s] -- Up-to-date: /home/karthik/ros2_ws/install/my_robot_interfaces/share/my_robot_interfaces/msg/HardwareStatus.idl
[0.342s] -- Up-to-date: /home/karthik/ros2_ws/install/my_robot_interfaces/share/my_robot_interfaces/msg/LedStateArray.idl
[0.342s] -- Up-to-date: /home/karthik/ros2_ws/install/my_robot_interfaces/share/my_robot_interfaces/srv/ComputeRectangleArea.idl
[0.342s] -- Up-to-date: /home/karthik/ros2_ws/install/my_robot_interfaces/share/my_robot_interfaces/srv/SetLed.idl
[0.342s] -- Up-to-date: /home/karthik/ros2_ws/install/my_robot_interfaces/share/my_robot_interfaces/msg/HardwareStatus.msg
[0.343s] -- Up-to-date: /home/karthik/ros2_ws/install/my_robot_interfaces/share/my_robot_interfaces/msg/LedStateArray.msg
[0.343s] -- Up-to-date: /home/karthik/ros2_ws/install/my_robot_interfaces/share/my_robot_interfaces/srv/ComputeRectangleArea.srv
[0.343s] -- Up-to-date: /home/karthik/ros2_ws/install/my_robot_interfaces/share/my_robot_interfaces/srv/ComputeRectangleArea_Request.msg
[0.343s] -- Up-to-date: /home/karthik/ros2_ws/install/my_robot_interfaces/share/my_robot_interfaces/srv/ComputeRectangleArea_Response.msg
[0.343s] -- Up-to-date: /home/karthik/ros2_ws/install/my_robot_interfaces/share/my_robot_interfaces/srv/SetLed.srv
[0.343s] -- Up-to-date: /home/karthik/ros2_ws/install/my_robot_interfaces/share/my_robot_interfaces/srv/SetLed_Request.msg
[0.343s] -- Up-to-date: /home/karthik/ros2_ws/install/my_robot_interfaces/share/my_robot_interfaces/srv/SetLed_Response.msg
[0.344s] -- Up-to-date: /home/karthik/ros2_ws/install/my_robot_interfaces/share/ament_index/resource_index/package_run_dependencies/my_robot_interfaces
[0.344s] -- Up-to-date: /home/karthik/ros2_ws/install/my_robot_interfaces/share/ament_index/resource_index/parent_prefix_path/my_robot_interfaces
[0.344s] -- Up-to-date: /home/karthik/ros2_ws/install/my_robot_interfaces/share/my_robot_interfaces/environment/ament_prefix_path.sh
[0.344s] -- Up-to-date: /home/karthik/ros2_ws/install/my_robot_interfaces/share/my_robot_interfaces/environment/ament_prefix_path.dsv
[0.344s] -- Up-to-date: /home/karthik/ros2_ws/install/my_robot_interfaces/share/my_robot_interfaces/environment/path.sh
[0.344s] -- Up-to-date: /home/karthik/ros2_ws/install/my_robot_interfaces/share/my_robot_interfaces/environment/path.dsv
[0.344s] -- Up-to-date: /home/karthik/ros2_ws/install/my_robot_interfaces/share/my_robot_interfaces/local_setup.bash
[0.344s] -- Up-to-date: /home/karthik/ros2_ws/install/my_robot_interfaces/share/my_robot_interfaces/local_setup.sh
[0.345s] -- Up-to-date: /home/karthik/ros2_ws/install/my_robot_interfaces/share/my_robot_interfaces/local_setup.zsh
[0.345s] -- Up-to-date: /home/karthik/ros2_ws/install/my_robot_interfaces/share/my_robot_interfaces/local_setup.dsv
[0.345s] -- Installing: /home/karthik/ros2_ws/install/my_robot_interfaces/share/my_robot_interfaces/package.dsv
[0.345s] -- Up-to-date: /home/karthik/ros2_ws/install/my_robot_interfaces/share/ament_index/resource_index/packages/my_robot_interfaces
[0.345s] -- Up-to-date: /home/karthik/ros2_ws/install/my_robot_interfaces/share/my_robot_interfaces/cmake/my_robot_interfaces__rosidl_generator_cExport.cmake
[0.345s] -- Up-to-date: /home/karthik/ros2_ws/install/my_robot_interfaces/share/my_robot_interfaces/cmake/my_robot_interfaces__rosidl_generator_cExport-noconfig.cmake
[0.345s] -- Up-to-date: /home/karthik/ros2_ws/install/my_robot_interfaces/share/my_robot_interfaces/cmake/my_robot_interfaces__rosidl_typesupport_introspection_cExport.cmake
[0.345s] -- Up-to-date: /home/karthik/ros2_ws/install/my_robot_interfaces/share/my_robot_interfaces/cmake/my_robot_interfaces__rosidl_typesupport_introspection_cExport-noconfig.cmake
[0.346s] -- Up-to-date: /home/karthik/ros2_ws/install/my_robot_interfaces/share/my_robot_interfaces/cmake/my_robot_interfaces__rosidl_typesupport_cExport.cmake
[0.346s] -- Up-to-date: /home/karthik/ros2_ws/install/my_robot_interfaces/share/my_robot_interfaces/cmake/my_robot_interfaces__rosidl_typesupport_cExport-noconfig.cmake
[0.346s] -- Up-to-date: /home/karthik/ros2_ws/install/my_robot_interfaces/share/my_robot_interfaces/cmake/my_robot_interfaces__rosidl_generator_cppExport.cmake
[0.346s] -- Up-to-date: /home/karthik/ros2_ws/install/my_robot_interfaces/share/my_robot_interfaces/cmake/my_robot_interfaces__rosidl_typesupport_introspection_cppExport.cmake
[0.346s] -- Up-to-date: /home/karthik/ros2_ws/install/my_robot_interfaces/share/my_robot_interfaces/cmake/my_robot_interfaces__rosidl_typesupport_introspection_cppExport-noconfig.cmake
[0.346s] -- Up-to-date: /home/karthik/ros2_ws/install/my_robot_interfaces/share/my_robot_interfaces/cmake/my_robot_interfaces__rosidl_typesupport_cppExport.cmake
[0.346s] -- Up-to-date: /home/karthik/ros2_ws/install/my_robot_interfaces/share/my_robot_interfaces/cmake/my_robot_interfaces__rosidl_typesupport_cppExport-noconfig.cmake
[0.347s] -- Up-to-date: /home/karthik/ros2_ws/install/my_robot_interfaces/share/my_robot_interfaces/cmake/rosidl_cmake-extras.cmake
[0.347s] -- Up-to-date: /home/karthik/ros2_ws/install/my_robot_interfaces/share/my_robot_interfaces/cmake/ament_cmake_export_dependencies-extras.cmake
[0.347s] -- Up-to-date: /home/karthik/ros2_ws/install/my_robot_interfaces/share/my_robot_interfaces/cmake/ament_cmake_export_libraries-extras.cmake
[0.347s] -- Up-to-date: /home/karthik/ros2_ws/install/my_robot_interfaces/share/my_robot_interfaces/cmake/ament_cmake_export_targets-extras.cmake
[0.347s] -- Up-to-date: /home/karthik/ros2_ws/install/my_robot_interfaces/share/my_robot_interfaces/cmake/ament_cmake_export_include_directories-extras.cmake
[0.347s] -- Up-to-date: /home/karthik/ros2_ws/install/my_robot_interfaces/share/my_robot_interfaces/cmake/rosidl_cmake_export_typesupport_libraries-extras.cmake
[0.347s] -- Up-to-date: /home/karthik/ros2_ws/install/my_robot_interfaces/share/my_robot_interfaces/cmake/rosidl_cmake_export_typesupport_targets-extras.cmake
[0.347s] -- Up-to-date: /home/karthik/ros2_ws/install/my_robot_interfaces/share/my_robot_interfaces/cmake/my_robot_interfacesConfig.cmake
[0.347s] -- Up-to-date: /home/karthik/ros2_ws/install/my_robot_interfaces/share/my_robot_interfaces/cmake/my_robot_interfacesConfig-version.cmake
[0.348s] -- Up-to-date: /home/karthik/ros2_ws/install/my_robot_interfaces/share/my_robot_interfaces/package.xml
[0.349s] Invoked command in '/home/karthik/ros2_ws/build/my_robot_interfaces' returned '0': CMAKE_PREFIX_PATH=${CMAKE_PREFIX_PATH}:/home/karthik/ros2_ws/install/my_py_pkg:/opt/ros/foxy /usr/bin/cmake --install /home/karthik/ros2_ws/build/my_robot_interfaces
