[0.015s] Invoking command in '/home/karthik/ros2_ws/build/my_robot_interfaces': CMAKE_PREFIX_PATH=${CMAKE_PREFIX_PATH}:/home/karthik/ros2_ws/install/my_py_pkg:/opt/ros/foxy /usr/bin/cmake /home/karthik/ros2_ws/src/my_robot_interfaces -DCMAKE_INSTALL_PREFIX=/home/karthik/ros2_ws/install/my_robot_interfaces
[0.293s] -- The C compiler identification is GNU 9.4.0
[0.468s] -- The CXX compiler identification is GNU 9.4.0
[0.477s] -- Check for working C compiler: /usr/bin/cc
[0.538s] -- Check for working C compiler: /usr/bin/cc -- works
[0.539s] -- Detecting C compiler ABI info
[0.598s] -- Detecting C compiler ABI info - done
[0.608s] -- Detecting C compile features
[0.609s] -- Detecting C compile features - done
[0.612s] -- Check for working CXX compiler: /usr/bin/c++
[0.680s] -- Check for working CXX compiler: /usr/bin/c++ -- works
[0.681s] -- Detecting CXX compiler ABI info
[0.753s] -- Detecting CXX compiler ABI info - done
[0.764s] -- Detecting CXX compile features
[0.765s] -- Detecting CXX compile features - done
[0.774s] -- Found ament_cmake: 0.9.11 (/opt/ros/foxy/share/ament_cmake/cmake)
[0.867s] -- Found PythonInterp: /usr/bin/python3 (found suitable version "3.8.10", minimum required is "3") 
[0.867s] -- Using PYTHON_EXECUTABLE: /usr/bin/python3
[1.117s] -- Found rosidl_default_generators: 1.0.1 (/opt/ros/foxy/share/rosidl_default_generators/cmake)
[1.139s] -- Using all available rosidl_typesupport_c: rosidl_typesupport_fastrtps_c;rosidl_typesupport_introspection_c
[1.161s] -- Found rosidl_adapter: 1.3.0 (/opt/ros/foxy/share/rosidl_adapter/cmake)
[1.418s] -- Found OpenSSL: /usr/lib/x86_64-linux-gnu/libcrypto.so (found version "1.1.1f")  
[1.475s] -- Found FastRTPS: /opt/ros/foxy/include  
[1.558s] -- Using all available rosidl_typesupport_cpp: rosidl_typesupport_fastrtps_cpp;rosidl_typesupport_introspection_cpp
[1.588s] CMake Error at /opt/ros/foxy/share/rosidl_cmake/cmake/rosidl_generate_interfaces.cmake:93 (message):
[1.588s]   rosidl_generate_interfaces() the passed file 'srv/ComputeRectangleArea.srv'
[1.588s]   doesn't exist relative to the CMAKE_CURRENT_SOURCE_DIR
[1.588s]   '/home/karthik/ros2_ws/src/my_robot_interfaces'
[1.589s] Call Stack (most recent call first):
[1.589s]   CMakeLists.txt:18 (rosidl_generate_interfaces)
[1.589s] 
[1.589s] 
[1.590s] -- Configuring incomplete, errors occurred!
[1.590s] See also "/home/karthik/ros2_ws/build/my_robot_interfaces/CMakeFiles/CMakeOutput.log".
[1.595s] Invoked command in '/home/karthik/ros2_ws/build/my_robot_interfaces' returned '1': CMAKE_PREFIX_PATH=${CMAKE_PREFIX_PATH}:/home/karthik/ros2_ws/install/my_py_pkg:/opt/ros/foxy /usr/bin/cmake /home/karthik/ros2_ws/src/my_robot_interfaces -DCMAKE_INSTALL_PREFIX=/home/karthik/ros2_ws/install/my_robot_interfaces
