[0.539s] Invoking command in '/home/karthik/ros2_ws/src/my_py_pkg': PYTHONPATH=/home/karthik/ros2_ws/build/my_py_pkg/prefix_override:/home/karthik/ros2_ws/install/my_py_pkg/lib/python3.8/site-packages:${PYTHONPATH} /usr/bin/python3 setup.py egg_info --egg-base ../../build/my_py_pkg build --build-base /home/karthik/ros2_ws/build/my_py_pkg/build install --record /home/karthik/ros2_ws/build/my_py_pkg/install.log --install-scripts $base/lib/my_py_pkg --single-version-externally-managed
[0.717s] running egg_info
[0.717s] writing ../../build/my_py_pkg/my_py_pkg.egg-info/PKG-INFO
[0.717s] writing dependency_links to ../../build/my_py_pkg/my_py_pkg.egg-info/dependency_links.txt
[0.717s] writing entry points to ../../build/my_py_pkg/my_py_pkg.egg-info/entry_points.txt
[0.718s] writing requirements to ../../build/my_py_pkg/my_py_pkg.egg-info/requires.txt
[0.718s] writing top-level names to ../../build/my_py_pkg/my_py_pkg.egg-info/top_level.txt
[0.744s] reading manifest file '../../build/my_py_pkg/my_py_pkg.egg-info/SOURCES.txt'
[0.745s] writing manifest file '../../build/my_py_pkg/my_py_pkg.egg-info/SOURCES.txt'
[0.745s] running build
[0.745s] running build_py
[0.745s] copying my_py_pkg/my_first_node.py -> /home/karthik/ros2_ws/build/my_py_pkg/build/lib/my_py_pkg
[0.745s] running install
[0.746s] running install_lib
[0.747s] copying /home/karthik/ros2_ws/build/my_py_pkg/build/lib/my_py_pkg/my_first_node.py -> /home/karthik/ros2_ws/install/my_py_pkg/lib/python3.8/site-packages/my_py_pkg
[0.747s] byte-compiling /home/karthik/ros2_ws/install/my_py_pkg/lib/python3.8/site-packages/my_py_pkg/my_first_node.py to my_first_node.cpython-38.pyc
[0.748s] running install_data
[0.748s] running install_egg_info
[0.750s] removing '/home/karthik/ros2_ws/install/my_py_pkg/lib/python3.8/site-packages/my_py_pkg-0.0.0-py3.8.egg-info' (and everything under it)
[0.750s] Copying ../../build/my_py_pkg/my_py_pkg.egg-info to /home/karthik/ros2_ws/install/my_py_pkg/lib/python3.8/site-packages/my_py_pkg-0.0.0-py3.8.egg-info
[0.751s] running install_scripts
[0.765s] Installing py_node script to /home/karthik/ros2_ws/install/my_py_pkg/lib/my_py_pkg
[0.765s] writing list of installed files to '/home/karthik/ros2_ws/build/my_py_pkg/install.log'
[0.781s] Invoked command in '/home/karthik/ros2_ws/src/my_py_pkg' returned '0': PYTHONPATH=/home/karthik/ros2_ws/build/my_py_pkg/prefix_override:/home/karthik/ros2_ws/install/my_py_pkg/lib/python3.8/site-packages:${PYTHONPATH} /usr/bin/python3 setup.py egg_info --egg-base ../../build/my_py_pkg build --build-base /home/karthik/ros2_ws/build/my_py_pkg/build install --record /home/karthik/ros2_ws/build/my_py_pkg/install.log --install-scripts $base/lib/my_py_pkg --single-version-externally-managed
